2025-05-14 23:28:46.852 [info] [main] Log level: Info
2025-05-14 23:28:46.852 [info] [main] Validating found git in: "git"
2025-05-14 23:28:46.852 [info] [main] Using git "2.34.1" from "git"
2025-05-14 23:28:46.852 [info] [Model][doInitialScan] Initial repository scan started
2025-05-14 23:28:46.852 [info] > git rev-parse --show-toplevel [6ms]
2025-05-14 23:28:46.852 [info] > git rev-parse --git-dir --git-common-dir [229ms]
2025-05-14 23:28:46.852 [info] [Model][openRepository] Opened repository (path): /home/etaico
2025-05-14 23:28:46.852 [info] [Model][openRepository] Opened repository (real path): /home/etaico
2025-05-14 23:28:46.852 [info] > git config --get commit.template [10ms]
2025-05-14 23:28:46.854 [info] > git rev-parse --show-toplevel [10ms]
2025-05-14 23:28:47.305 [info] > git for-each-ref --format=%(refname)%00%(upstream:short)%00%(objectname)%00%(upstream:track)%00%(upstream:remotename)%00%(upstream:remoteref) refs/heads/part1 refs/remotes/part1 [446ms]
2025-05-14 23:28:47.308 [info] > git rev-parse --show-toplevel [408ms]
2025-05-14 23:28:47.726 [info] > git rev-parse --show-toplevel [6ms]
2025-05-14 23:28:47.729 [info] [Model][doInitialScan] Initial repository scan completed - repositories (1), closed repositories (0), parent repositories (0), unsafe repositories (0)
2025-05-14 23:28:47.761 [info] > git show --textconv :part1_EL.y [27ms]
2025-05-14 23:28:47.761 [info] > git check-ignore -v -z --stdin [15ms]
2025-05-14 23:28:47.762 [info] > git ls-files --stage -- part1_EL.y [21ms]
2025-05-14 23:28:47.783 [info] > git status -z -uall [30ms]
2025-05-14 23:28:47.783 [info] > git cat-file -s 817044488670b48a734e06c2e7447d030716d7d1 [15ms]
2025-05-14 23:28:47.784 [info] > git for-each-ref --sort -committerdate --format %(refname)%00%(objectname)%00%(*objectname) [25ms]
2025-05-14 23:28:47.837 [info] > git for-each-ref --format=%(refname)%00%(upstream:short)%00%(objectname)%00%(upstream:track)%00%(upstream:remotename)%00%(upstream:remoteref) refs/heads/part1 refs/remotes/part1 [15ms]
2025-05-14 23:28:47.844 [info] > git config --get commit.template [11ms]
2025-05-14 23:28:47.844 [info] > git config --get --local branch.part1.vscode-merge-base [2ms]
2025-05-14 23:28:47.863 [info] > git for-each-ref --format=%(refname)%00%(upstream:short)%00%(objectname)%00%(upstream:track)%00%(upstream:remotename)%00%(upstream:remoteref) refs/heads/part1 refs/remotes/part1 [8ms]
2025-05-14 23:28:47.864 [info] > git for-each-ref --format=%(refname)%00%(upstream:short)%00%(objectname)%00%(upstream:track)%00%(upstream:remotename)%00%(upstream:remoteref) refs/heads/origin/part1 refs/remotes/origin/part1 [15ms]
2025-05-14 23:28:47.961 [info] > git merge-base refs/heads/part1 refs/remotes/origin/part1 [88ms]
2025-05-14 23:28:48.099 [info] > git status -z -uall [48ms]
2025-05-14 23:28:48.099 [info] > git diff --name-status -z --diff-filter=ADMR 115e6cea8e2d8d5591db6f6105bfaae9e6c9735f...refs/remotes/origin/part1 [134ms]
2025-05-14 23:28:48.103 [info] > git for-each-ref --sort -committerdate --format %(refname)%00%(objectname)%00%(*objectname) [48ms]
2025-05-14 23:28:48.295 [info] > git config --get commit.template [178ms]
2025-05-14 23:28:48.442 [info] > git blame --root --incremental 115e6cea8e2d8d5591db6f6105bfaae9e6c9735f -- part1_EL.y [112ms]
2025-05-14 23:28:48.503 [info] > git for-each-ref --format=%(refname)%00%(upstream:short)%00%(objectname)%00%(upstream:track)%00%(upstream:remotename)%00%(upstream:remoteref) refs/heads/part1 refs/remotes/part1 [138ms]
2025-05-14 23:28:48.526 [info] > git for-each-ref --sort -committerdate --format %(refname)%00%(objectname)%00%(*objectname) [9ms]
2025-05-14 23:28:48.528 [info] > git status -z -uall [16ms]
2025-05-14 23:30:04.710 [info] > git config --get commit.template [1ms]
2025-05-14 23:30:04.717 [info] > git for-each-ref --format=%(refname)%00%(upstream:short)%00%(objectname)%00%(upstream:track)%00%(upstream:remotename)%00%(upstream:remoteref) refs/heads/part1 refs/remotes/part1 [1ms]
2025-05-14 23:30:04.731 [info] > git for-each-ref --sort -committerdate --format %(refname)%00%(objectname)%00%(*objectname) [1ms]
2025-05-14 23:30:04.740 [info] > git status -z -uall [16ms]
2025-05-14 23:30:09.778 [info] > git config --get commit.template [13ms]
2025-05-14 23:30:09.779 [info] > git for-each-ref --format=%(refname)%00%(upstream:short)%00%(objectname)%00%(upstream:track)%00%(upstream:remotename)%00%(upstream:remoteref) refs/heads/part1 refs/remotes/part1 [4ms]
2025-05-14 23:30:09.802 [info] > git for-each-ref --sort -committerdate --format %(refname)%00%(objectname)%00%(*objectname) [1ms]
2025-05-14 23:30:09.810 [info] > git status -z -uall [19ms]
