2025-05-14 17:33:08.206 [info] [main] Log level: Info
2025-05-14 17:33:08.206 [info] [main] Validating found git in: "git"
2025-05-14 17:33:08.206 [info] [main] Using git "2.34.1" from "git"
2025-05-14 17:33:08.206 [info] [Model][doInitialScan] Initial repository scan started
2025-05-14 17:33:08.206 [info] > git rev-parse --show-toplevel [7ms]
2025-05-14 17:33:08.206 [info] > git rev-parse --git-dir --git-common-dir [233ms]
2025-05-14 17:33:08.206 [info] [Model][openRepository] Opened repository (path): /home/etaico
2025-05-14 17:33:08.206 [info] [Model][openRepository] Opened repository (real path): /home/etaico
2025-05-14 17:33:08.206 [info] > git rev-parse --show-toplevel [25ms]
2025-05-14 17:33:08.206 [info] > git config --get commit.template [28ms]
2025-05-14 17:33:08.214 [info] > git rev-parse --show-toplevel [16ms]
2025-05-14 17:33:08.365 [info] > git for-each-ref --format=%(refname)%00%(upstream:short)%00%(objectname)%00%(upstream:track)%00%(upstream:remotename)%00%(upstream:remoteref) refs/heads/main refs/remotes/main [160ms]
2025-05-14 17:33:08.368 [info] > git rev-parse --show-toplevel [7ms]
2025-05-14 17:33:08.371 [info] [Model][doInitialScan] Initial repository scan completed - repositories (1), closed repositories (0), parent repositories (0), unsafe repositories (0)
2025-05-14 17:33:09.188 [info] > git check-ignore -v -z --stdin [379ms]
2025-05-14 17:33:09.189 [info] > git show --textconv :rule6b.txt [9ms]
2025-05-14 17:33:09.195 [info] > git status -z -uall [379ms]
2025-05-14 17:33:09.196 [info] > git ls-files --stage -- rule6b.txt [9ms]
2025-05-14 17:33:09.201 [info] > git for-each-ref --sort -committerdate --format %(refname)%00%(objectname)%00%(*objectname) [379ms]
2025-05-14 17:33:09.205 [info] > git cat-file -s 078ce605759f62b580a8e2d0896cdc131c655f57 [5ms]
2025-05-14 17:33:09.751 [info] > git for-each-ref --format=%(refname)%00%(upstream:short)%00%(objectname)%00%(upstream:track)%00%(upstream:remotename)%00%(upstream:remoteref) refs/heads/main refs/remotes/main [416ms]
2025-05-14 17:33:09.761 [info] > git config --get --local branch.main.vscode-merge-base [6ms]
2025-05-14 17:33:09.766 [info] > git config --get commit.template [37ms]
2025-05-14 17:33:09.773 [info] > git for-each-ref --format=%(refname)%00%(upstream:short)%00%(objectname)%00%(upstream:track)%00%(upstream:remotename)%00%(upstream:remoteref) refs/heads/origin/main refs/remotes/origin/main [7ms]
2025-05-14 17:33:09.786 [info] > git for-each-ref --format=%(refname)%00%(upstream:short)%00%(objectname)%00%(upstream:track)%00%(upstream:remotename)%00%(upstream:remoteref) refs/heads/main refs/remotes/main [14ms]
2025-05-14 17:33:09.788 [info] > git merge-base refs/heads/main refs/remotes/origin/main [10ms]
2025-05-14 17:33:09.805 [info] > git diff --name-status -z --diff-filter=ADMR e362b59af1ddc20bb0bac2159c58dc2fe965e0e2...refs/remotes/origin/main [12ms]
2025-05-14 17:33:09.806 [info] > git for-each-ref --sort -committerdate --format %(refname)%00%(objectname)%00%(*objectname) [2ms]
2025-05-14 17:33:09.949 [info] > git status -z -uall [150ms]
2025-05-14 17:33:10.545 [info] > git config --get commit.template [483ms]
2025-05-14 17:33:10.546 [info] > git blame --root --incremental e362b59af1ddc20bb0bac2159c58dc2fe965e0e2 -- rule6b.txt [720ms]
2025-05-14 17:33:10.714 [info] > git for-each-ref --format=%(refname)%00%(upstream:short)%00%(objectname)%00%(upstream:track)%00%(upstream:remotename)%00%(upstream:remoteref) refs/heads/main refs/remotes/main [157ms]
2025-05-14 17:33:10.951 [info] > git for-each-ref --sort -committerdate --format %(refname)%00%(objectname)%00%(*objectname) [50ms]
2025-05-14 17:33:10.953 [info] > git status -z -uall [56ms]
2025-05-14 17:33:14.495 [info] > git config --get commit.template [2ms]
2025-05-14 17:33:14.501 [info] > git for-each-ref --format=%(refname)%00%(upstream:short)%00%(objectname)%00%(upstream:track)%00%(upstream:remotename)%00%(upstream:remoteref) refs/heads/main refs/remotes/main [2ms]
2025-05-14 17:33:14.513 [info] > git for-each-ref --sort -committerdate --format %(refname)%00%(objectname)%00%(*objectname) [5ms]
2025-05-14 17:33:14.522 [info] > git status -z -uall [18ms]
2025-05-14 17:33:19.595 [info] > git config --get commit.template [5ms]
2025-05-14 17:33:19.595 [info] > git for-each-ref --format=%(refname)%00%(upstream:short)%00%(objectname)%00%(upstream:track)%00%(upstream:remotename)%00%(upstream:remoteref) refs/heads/main refs/remotes/main [1ms]
2025-05-14 17:33:19.607 [info] > git for-each-ref --sort -committerdate --format %(refname)%00%(objectname)%00%(*objectname) [2ms]
2025-05-14 17:33:19.619 [info] > git status -z -uall [19ms]
2025-05-14 17:33:24.704 [info] > git config --get commit.template [6ms]
2025-05-14 17:33:24.705 [info] > git for-each-ref --format=%(refname)%00%(upstream:short)%00%(objectname)%00%(upstream:track)%00%(upstream:remotename)%00%(upstream:remoteref) refs/heads/main refs/remotes/main [2ms]
2025-05-14 17:33:24.718 [info] > git for-each-ref --sort -committerdate --format %(refname)%00%(objectname)%00%(*objectname) [1ms]
2025-05-14 17:33:24.730 [info] > git status -z -uall [19ms]
2025-05-14 17:33:29.820 [info] > git config --get commit.template [5ms]
2025-05-14 17:33:29.822 [info] > git for-each-ref --format=%(refname)%00%(upstream:short)%00%(objectname)%00%(upstream:track)%00%(upstream:remotename)%00%(upstream:remoteref) refs/heads/main refs/remotes/main [2ms]
2025-05-14 17:33:29.832 [info] > git for-each-ref --sort -committerdate --format %(refname)%00%(objectname)%00%(*objectname) [1ms]
2025-05-14 17:33:29.844 [info] > git status -z -uall [17ms]
2025-05-14 17:34:39.556 [info] > git config --get commit.template [2ms]
2025-05-14 17:34:39.564 [info] > git for-each-ref --format=%(refname)%00%(upstream:short)%00%(objectname)%00%(upstream:track)%00%(upstream:remotename)%00%(upstream:remoteref) refs/heads/main refs/remotes/main [3ms]
2025-05-14 17:34:39.579 [info] > git for-each-ref --sort -committerdate --format %(refname)%00%(objectname)%00%(*objectname) [1ms]
2025-05-14 17:34:39.594 [info] > git status -z -uall [24ms]
2025-05-14 17:34:44.704 [info] > git config --get commit.template [5ms]
2025-05-14 17:34:44.704 [info] > git for-each-ref --format=%(refname)%00%(upstream:short)%00%(objectname)%00%(upstream:track)%00%(upstream:remotename)%00%(upstream:remoteref) refs/heads/main refs/remotes/main [1ms]
2025-05-14 17:34:44.716 [info] > git for-each-ref --sort -committerdate --format %(refname)%00%(objectname)%00%(*objectname) [1ms]
2025-05-14 17:34:44.728 [info] > git status -z -uall [19ms]
2025-05-14 17:34:45.840 [info] > git config --get commit.template [8ms]
2025-05-14 17:34:45.842 [info] > git for-each-ref --format=%(refname)%00%(upstream:short)%00%(objectname)%00%(upstream:track)%00%(upstream:remotename)%00%(upstream:remoteref) refs/heads/main refs/remotes/main [3ms]
2025-05-14 17:34:45.858 [info] > git for-each-ref --sort -committerdate --format %(refname)%00%(objectname)%00%(*objectname) [2ms]
2025-05-14 17:34:45.869 [info] > git status -z -uall [19ms]
2025-05-14 17:34:47.081 [info] > git ls-files --stage -- rule6b.txt [2ms]
2025-05-14 17:34:47.091 [info] > git cat-file -s 078ce605759f62b580a8e2d0896cdc131c655f57 [1ms]
2025-05-14 17:34:47.104 [info] > git show --textconv :rule6b.txt [1ms]
2025-05-14 17:34:49.407 [info] > git config --get commit.template [2ms]
2025-05-14 17:34:49.417 [info] > git for-each-ref --format=%(refname)%00%(upstream:short)%00%(objectname)%00%(upstream:track)%00%(upstream:remotename)%00%(upstream:remoteref) refs/heads/main refs/remotes/main [1ms]
2025-05-14 17:34:49.429 [info] > git for-each-ref --sort -committerdate --format %(refname)%00%(objectname)%00%(*objectname) [1ms]
2025-05-14 17:34:49.443 [info] > git status -z -uall [20ms]
2025-05-14 17:34:49.927 [info] > git config --get commit.template [7ms]
2025-05-14 17:34:49.928 [info] > git for-each-ref --format=%(refname)%00%(upstream:short)%00%(objectname)%00%(upstream:track)%00%(upstream:remotename)%00%(upstream:remoteref) refs/heads/main refs/remotes/main [2ms]
2025-05-14 17:34:49.941 [info] > git for-each-ref --sort -committerdate --format %(refname)%00%(objectname)%00%(*objectname) [2ms]
2025-05-14 17:34:49.953 [info] > git status -z -uall [18ms]
2025-05-14 17:34:50.627 [info] > git ls-files --stage -- rule6b.txt [5ms]
2025-05-14 17:34:50.632 [info] > git cat-file -s 078ce605759f62b580a8e2d0896cdc131c655f57 [1ms]
2025-05-14 17:34:50.644 [info] > git show --textconv :rule6b.txt [2ms]
2025-05-14 17:34:55.076 [info] > git config --get commit.template [19ms]
2025-05-14 17:34:55.078 [info] > git for-each-ref --format=%(refname)%00%(upstream:short)%00%(objectname)%00%(upstream:track)%00%(upstream:remotename)%00%(upstream:remoteref) refs/heads/main refs/remotes/main [4ms]
2025-05-14 17:34:55.101 [info] > git for-each-ref --sort -committerdate --format %(refname)%00%(objectname)%00%(*objectname) [2ms]
2025-05-14 17:34:55.113 [info] > git status -z -uall [22ms]
2025-05-14 17:34:56.191 [info] > git config --get commit.template [7ms]
2025-05-14 17:34:56.192 [info] > git for-each-ref --format=%(refname)%00%(upstream:short)%00%(objectname)%00%(upstream:track)%00%(upstream:remotename)%00%(upstream:remoteref) refs/heads/part1 refs/remotes/part1 [2ms]
2025-05-14 17:34:56.208 [info] > git for-each-ref --sort -committerdate --format %(refname)%00%(objectname)%00%(*objectname) [2ms]
2025-05-14 17:34:56.226 [info] > git status -z -uall [26ms]
2025-05-14 17:34:56.312 [info] > git for-each-ref --format=%(refname)%00%(upstream:short)%00%(objectname)%00%(upstream:track)%00%(upstream:remotename)%00%(upstream:remoteref) refs/heads/part1 refs/remotes/part1 [1ms]
2025-05-14 17:34:56.321 [info] > git config --get --local branch.part1.vscode-merge-base [3ms]
2025-05-14 17:34:56.321 [warning] [Git][config] git config failed: Failed to execute git
2025-05-14 17:34:56.327 [info] > git reflog part1 --grep-reflog=branch: Created from *. [2ms]
2025-05-14 17:34:56.333 [info] > git for-each-ref --format=%(refname)%00%(upstream:short)%00%(objectname)%00%(upstream:track)%00%(upstream:remotename)%00%(upstream:remoteref) refs/remotes/origin/part1 [1ms]
2025-05-14 17:34:56.728 [info] > git config --add --local branch.part1.vscode-merge-base origin/part1 [389ms]
2025-05-14 17:34:56.740 [info] > git config --get commit.template [1ms]
2025-05-14 17:34:56.748 [info] > git for-each-ref --format=%(refname)%00%(upstream:short)%00%(objectname)%00%(upstream:track)%00%(upstream:remotename)%00%(upstream:remoteref) refs/heads/part1 refs/remotes/part1 [2ms]
2025-05-14 17:34:56.766 [info] > git for-each-ref --sort -committerdate --format %(refname)%00%(objectname)%00%(*objectname) [6ms]
2025-05-14 17:34:56.774 [info] > git status -z -uall [20ms]
2025-05-14 17:34:56.855 [info] > git for-each-ref --format=%(refname)%00%(upstream:short)%00%(objectname)%00%(upstream:track)%00%(upstream:remotename)%00%(upstream:remoteref) refs/heads/part1 refs/remotes/part1 [6ms]
2025-05-14 17:34:56.861 [info] > git merge-base refs/heads/part1 refs/remotes/origin/part1 [7ms]
2025-05-14 17:34:56.869 [info] > git config --get --local branch.part1.vscode-merge-base [8ms]
2025-05-14 17:34:56.875 [info] > git diff --name-status -z --diff-filter=ADMR e362b59af1ddc20bb0bac2159c58dc2fe965e0e2...refs/remotes/origin/part1 [9ms]
2025-05-14 17:34:56.876 [info] > git for-each-ref --format=%(refname)%00%(upstream:short)%00%(objectname)%00%(upstream:track)%00%(upstream:remotename)%00%(upstream:remoteref) refs/heads/origin/part1 refs/remotes/origin/part1 [2ms]
2025-05-14 17:34:57.836 [info] > git ls-files --stage -- rule6b.txt [1ms]
2025-05-14 17:34:57.841 [info] > git cat-file -s 078ce605759f62b580a8e2d0896cdc131c655f57 [1ms]
2025-05-14 17:34:57.851 [info] > git show --textconv :rule6b.txt [2ms]
2025-05-14 17:35:00.206 [info] > git config --get commit.template [6ms]
2025-05-14 17:35:00.207 [info] > git for-each-ref --format=%(refname)%00%(upstream:short)%00%(objectname)%00%(upstream:track)%00%(upstream:remotename)%00%(upstream:remoteref) refs/heads/part1 refs/remotes/part1 [2ms]
2025-05-14 17:35:00.218 [info] > git for-each-ref --sort -committerdate --format %(refname)%00%(objectname)%00%(*objectname) [1ms]
2025-05-14 17:35:00.229 [info] > git status -z -uall [17ms]
2025-05-14 17:35:05.319 [info] > git config --get commit.template [8ms]
2025-05-14 17:35:05.320 [info] > git for-each-ref --format=%(refname)%00%(upstream:short)%00%(objectname)%00%(upstream:track)%00%(upstream:remotename)%00%(upstream:remoteref) refs/heads/part1 refs/remotes/part1 [2ms]
2025-05-14 17:35:05.332 [info] > git for-each-ref --sort -committerdate --format %(refname)%00%(objectname)%00%(*objectname) [1ms]
2025-05-14 17:35:05.346 [info] > git status -z -uall [20ms]
2025-05-14 17:35:10.969 [info] > git config --get commit.template [5ms]
2025-05-14 17:35:10.969 [info] > git for-each-ref --format=%(refname)%00%(upstream:short)%00%(objectname)%00%(upstream:track)%00%(upstream:remotename)%00%(upstream:remoteref) refs/heads/part1 refs/remotes/part1 [1ms]
2025-05-14 17:35:10.980 [info] > git for-each-ref --sort -committerdate --format %(refname)%00%(objectname)%00%(*objectname) [2ms]
2025-05-14 17:35:10.993 [info] > git status -z -uall [19ms]
2025-05-14 17:35:16.092 [info] > git config --get commit.template [15ms]
2025-05-14 17:35:16.094 [info] > git for-each-ref --format=%(refname)%00%(upstream:short)%00%(objectname)%00%(upstream:track)%00%(upstream:remotename)%00%(upstream:remoteref) refs/heads/part1 refs/remotes/part1 [3ms]
2025-05-14 17:35:16.110 [info] > git for-each-ref --sort -committerdate --format %(refname)%00%(objectname)%00%(*objectname) [1ms]
2025-05-14 17:35:16.127 [info] > git status -z -uall [22ms]
2025-05-14 17:35:21.224 [info] > git config --get commit.template [15ms]
2025-05-14 17:35:21.226 [info] > git for-each-ref --format=%(refname)%00%(upstream:short)%00%(objectname)%00%(upstream:track)%00%(upstream:remotename)%00%(upstream:remoteref) refs/heads/part1 refs/remotes/part1 [3ms]
2025-05-14 17:35:21.250 [info] > git for-each-ref --sort -committerdate --format %(refname)%00%(objectname)%00%(*objectname) [2ms]
2025-05-14 17:35:21.263 [info] > git status -z -uall [23ms]
2025-05-14 17:35:26.359 [info] > git config --get commit.template [11ms]
2025-05-14 17:35:26.360 [info] > git for-each-ref --format=%(refname)%00%(upstream:short)%00%(objectname)%00%(upstream:track)%00%(upstream:remotename)%00%(upstream:remoteref) refs/heads/part1 refs/remotes/part1 [1ms]
2025-05-14 17:35:26.371 [info] > git for-each-ref --sort -committerdate --format %(refname)%00%(objectname)%00%(*objectname) [1ms]
2025-05-14 17:35:26.384 [info] > git status -z -uall [19ms]
2025-05-14 17:35:31.463 [info] > git config --get commit.template [5ms]
2025-05-14 17:35:31.463 [info] > git for-each-ref --format=%(refname)%00%(upstream:short)%00%(objectname)%00%(upstream:track)%00%(upstream:remotename)%00%(upstream:remoteref) refs/heads/part1 refs/remotes/part1 [1ms]
2025-05-14 17:35:31.474 [info] > git for-each-ref --sort -committerdate --format %(refname)%00%(objectname)%00%(*objectname) [1ms]
2025-05-14 17:35:31.489 [info] > git status -z -uall [21ms]
2025-05-14 17:35:36.662 [info] > git config --get commit.template [18ms]
2025-05-14 17:35:36.664 [info] > git for-each-ref --format=%(refname)%00%(upstream:short)%00%(objectname)%00%(upstream:track)%00%(upstream:remotename)%00%(upstream:remoteref) refs/heads/part1 refs/remotes/part1 [4ms]
2025-05-14 17:35:36.700 [info] > git for-each-ref --sort -committerdate --format %(refname)%00%(objectname)%00%(*objectname) [5ms]
2025-05-14 17:35:36.736 [info] > git status -z -uall [55ms]
2025-05-14 17:35:42.488 [info] > git config --get commit.template [5ms]
2025-05-14 17:35:42.488 [info] > git for-each-ref --format=%(refname)%00%(upstream:short)%00%(objectname)%00%(upstream:track)%00%(upstream:remotename)%00%(upstream:remoteref) refs/heads/part1 refs/remotes/part1 [1ms]
2025-05-14 17:35:42.499 [info] > git for-each-ref --sort -committerdate --format %(refname)%00%(objectname)%00%(*objectname) [1ms]
2025-05-14 17:35:42.515 [info] > git status -z -uall [22ms]
2025-05-14 17:35:47.632 [info] > git config --get commit.template [16ms]
2025-05-14 17:35:47.635 [info] > git for-each-ref --format=%(refname)%00%(upstream:short)%00%(objectname)%00%(upstream:track)%00%(upstream:remotename)%00%(upstream:remoteref) refs/heads/part1 refs/remotes/part1 [5ms]
2025-05-14 17:35:47.669 [info] > git for-each-ref --sort -committerdate --format %(refname)%00%(objectname)%00%(*objectname) [5ms]
2025-05-14 17:35:47.693 [info] > git status -z -uall [42ms]
2025-05-14 17:35:52.839 [info] > git config --get commit.template [6ms]
2025-05-14 17:35:52.840 [info] > git for-each-ref --format=%(refname)%00%(upstream:short)%00%(objectname)%00%(upstream:track)%00%(upstream:remotename)%00%(upstream:remoteref) refs/heads/part1 refs/remotes/part1 [2ms]
2025-05-14 17:35:52.852 [info] > git for-each-ref --sort -committerdate --format %(refname)%00%(objectname)%00%(*objectname) [1ms]
2025-05-14 17:35:52.865 [info] > git status -z -uall [20ms]
2025-05-14 17:36:00.206 [info] > git config --get commit.template [1ms]
2025-05-14 17:36:00.214 [info] > git for-each-ref --format=%(refname)%00%(upstream:short)%00%(objectname)%00%(upstream:track)%00%(upstream:remotename)%00%(upstream:remoteref) refs/heads/part1 refs/remotes/part1 [1ms]
2025-05-14 17:36:00.228 [info] > git for-each-ref --sort -committerdate --format %(refname)%00%(objectname)%00%(*objectname) [1ms]
2025-05-14 17:36:00.242 [info] > git status -z -uall [22ms]
2025-05-14 17:36:03.881 [info] > git show --textconv :part1_EL.y [5ms]
2025-05-14 17:36:03.882 [info] > git ls-files --stage -- part1_EL.y [2ms]
2025-05-14 17:36:03.887 [info] > git cat-file -s 51a05c531f18b1a4c43a6b5c74aeb99ff0e81987 [1ms]
2025-05-14 17:36:03.948 [info] > git blame --root --incremental e362b59af1ddc20bb0bac2159c58dc2fe965e0e2 -- part1_EL.y [8ms]
2025-05-14 17:36:05.326 [info] > git config --get commit.template [5ms]
2025-05-14 17:36:05.326 [info] > git for-each-ref --format=%(refname)%00%(upstream:short)%00%(objectname)%00%(upstream:track)%00%(upstream:remotename)%00%(upstream:remoteref) refs/heads/part1 refs/remotes/part1 [1ms]
2025-05-14 17:36:05.338 [info] > git for-each-ref --sort -committerdate --format %(refname)%00%(objectname)%00%(*objectname) [1ms]
2025-05-14 17:36:05.350 [info] > git status -z -uall [19ms]
2025-05-14 17:36:10.437 [info] > git config --get commit.template [6ms]
2025-05-14 17:36:10.437 [info] > git for-each-ref --format=%(refname)%00%(upstream:short)%00%(objectname)%00%(upstream:track)%00%(upstream:remotename)%00%(upstream:remoteref) refs/heads/part1 refs/remotes/part1 [1ms]
2025-05-14 17:36:10.448 [info] > git for-each-ref --sort -committerdate --format %(refname)%00%(objectname)%00%(*objectname) [2ms]
2025-05-14 17:36:10.460 [info] > git status -z -uall [18ms]
2025-05-14 17:36:12.995 [info] > git show --textconv :part1_EL.tab.c [5ms]
2025-05-14 17:36:12.996 [info] > git ls-files --stage -- part1_EL.tab.c [2ms]
2025-05-14 17:36:13.002 [info] > git cat-file -s a6ea2ebb3ace0b161040e79c20df5ed8a11cbb15 [1ms]
2025-05-14 17:36:16.141 [info] > git config --get commit.template [4ms]
2025-05-14 17:36:16.142 [info] > git for-each-ref --format=%(refname)%00%(upstream:short)%00%(objectname)%00%(upstream:track)%00%(upstream:remotename)%00%(upstream:remoteref) refs/heads/part1 refs/remotes/part1 [1ms]
2025-05-14 17:36:16.153 [info] > git for-each-ref --sort -committerdate --format %(refname)%00%(objectname)%00%(*objectname) [2ms]
2025-05-14 17:36:16.166 [info] > git status -z -uall [19ms]
2025-05-14 17:36:19.001 [info] > git show --textconv :part1_EL.y [6ms]
2025-05-14 17:36:19.002 [info] > git ls-files --stage -- part1_EL.y [2ms]
2025-05-14 17:36:19.008 [info] > git cat-file -s 51a05c531f18b1a4c43a6b5c74aeb99ff0e81987 [1ms]
2025-05-14 17:36:21.239 [info] > git config --get commit.template [4ms]
2025-05-14 17:36:21.240 [info] > git for-each-ref --format=%(refname)%00%(upstream:short)%00%(objectname)%00%(upstream:track)%00%(upstream:remotename)%00%(upstream:remoteref) refs/heads/part1 refs/remotes/part1 [1ms]
2025-05-14 17:36:21.254 [info] > git for-each-ref --sort -committerdate --format %(refname)%00%(objectname)%00%(*objectname) [4ms]
2025-05-14 17:36:21.263 [info] > git status -z -uall [18ms]
2025-05-14 17:36:23.253 [info] > git show --textconv :part1_EL.l [17ms]
2025-05-14 17:36:23.257 [info] > git ls-files --stage -- part1_EL.l [5ms]
2025-05-14 17:36:23.269 [info] > git cat-file -s 9e12138743a2ec4dbc80d67bfaca56800d54c4e6 [3ms]
2025-05-14 17:36:23.322 [info] > git blame --root --incremental e362b59af1ddc20bb0bac2159c58dc2fe965e0e2 -- part1_EL.l [4ms]
2025-05-14 17:36:36.860 [info] > git config --get commit.template [1ms]
2025-05-14 17:36:36.868 [info] > git for-each-ref --format=%(refname)%00%(upstream:short)%00%(objectname)%00%(upstream:track)%00%(upstream:remotename)%00%(upstream:remoteref) refs/heads/part1 refs/remotes/part1 [2ms]
2025-05-14 17:36:36.882 [info] > git for-each-ref --sort -committerdate --format %(refname)%00%(objectname)%00%(*objectname) [2ms]
2025-05-14 17:36:36.892 [info] > git status -z -uall [18ms]
2025-05-14 17:36:41.998 [info] > git config --get commit.template [18ms]
2025-05-14 17:36:42.001 [info] > git for-each-ref --format=%(refname)%00%(upstream:short)%00%(objectname)%00%(upstream:track)%00%(upstream:remotename)%00%(upstream:remoteref) refs/heads/part1 refs/remotes/part1 [4ms]
2025-05-14 17:36:42.024 [info] > git for-each-ref --sort -committerdate --format %(refname)%00%(objectname)%00%(*objectname) [2ms]
2025-05-14 17:36:42.048 [info] > git status -z -uall [33ms]
2025-05-14 17:36:47.157 [info] > git config --get commit.template [18ms]
2025-05-14 17:36:47.159 [info] > git for-each-ref --format=%(refname)%00%(upstream:short)%00%(objectname)%00%(upstream:track)%00%(upstream:remotename)%00%(upstream:remoteref) refs/heads/part1 refs/remotes/part1 [4ms]
2025-05-14 17:36:47.189 [info] > git for-each-ref --sort -committerdate --format %(refname)%00%(objectname)%00%(*objectname) [3ms]
2025-05-14 17:36:47.221 [info] > git status -z -uall [45ms]
2025-05-14 17:36:54.507 [info] > git config --get commit.template [5ms]
2025-05-14 17:36:54.523 [info] > git for-each-ref --format=%(refname)%00%(upstream:short)%00%(objectname)%00%(upstream:track)%00%(upstream:remotename)%00%(upstream:remoteref) refs/heads/part1 refs/remotes/part1 [3ms]
2025-05-14 17:36:54.540 [info] > git for-each-ref --sort -committerdate --format %(refname)%00%(objectname)%00%(*objectname) [2ms]
2025-05-14 17:36:54.551 [info] > git status -z -uall [20ms]
2025-05-14 17:36:55.495 [info] > git check-ignore -v -z --stdin [1ms]
2025-05-14 17:36:59.641 [info] > git config --get commit.template [5ms]
2025-05-14 17:36:59.642 [info] > git for-each-ref --format=%(refname)%00%(upstream:short)%00%(objectname)%00%(upstream:track)%00%(upstream:remotename)%00%(upstream:remoteref) refs/heads/part1 refs/remotes/part1 [1ms]
2025-05-14 17:36:59.653 [info] > git for-each-ref --sort -committerdate --format %(refname)%00%(objectname)%00%(*objectname) [2ms]
2025-05-14 17:36:59.665 [info] > git status -z -uall [18ms]
2025-05-14 17:37:02.985 [info] > git show --textconv :test.txt [15ms]
2025-05-14 17:37:03.002 [info] > git ls-files --stage -- test.txt [19ms]
2025-05-14 17:37:03.018 [info] > git hash-object -t tree /dev/null [17ms]
2025-05-14 17:37:03.019 [warning] [GitFileSystemProvider][readFile] File not found - git:/home/etaico/test.txt.git?%7B%22path%22%3A%22%2Fhome%2Fetaico%2Ftest.txt%22%2C%22ref%22%3A%22%22%7D
2025-05-14 17:37:03.028 [info] > git hash-object -t tree /dev/null [11ms]
2025-05-14 17:37:03.028 [warning] [GitFileSystemProvider][stat] File not found - git:/home/etaico/test.txt.git?%7B%22path%22%3A%22%2Fhome%2Fetaico%2Ftest.txt%22%2C%22ref%22%3A%22%22%7D
2025-05-14 17:37:03.235 [info] > git check-ignore -v -z --stdin [1ms]
2025-05-14 17:37:04.740 [info] > git config --get commit.template [5ms]
2025-05-14 17:37:04.740 [info] > git for-each-ref --format=%(refname)%00%(upstream:short)%00%(objectname)%00%(upstream:track)%00%(upstream:remotename)%00%(upstream:remoteref) refs/heads/part1 refs/remotes/part1 [1ms]
2025-05-14 17:37:04.751 [info] > git for-each-ref --sort -committerdate --format %(refname)%00%(objectname)%00%(*objectname) [2ms]
2025-05-14 17:37:04.762 [info] > git status -z -uall [17ms]
2025-05-14 17:37:09.860 [info] > git config --get commit.template [8ms]
2025-05-14 17:37:09.861 [info] > git for-each-ref --format=%(refname)%00%(upstream:short)%00%(objectname)%00%(upstream:track)%00%(upstream:remotename)%00%(upstream:remoteref) refs/heads/part1 refs/remotes/part1 [2ms]
2025-05-14 17:37:09.880 [info] > git for-each-ref --sort -committerdate --format %(refname)%00%(objectname)%00%(*objectname) [5ms]
2025-05-14 17:37:09.893 [info] > git status -z -uall [25ms]
2025-05-14 17:37:30.313 [info] > git config --get commit.template [7ms]
2025-05-14 17:37:30.314 [info] > git for-each-ref --format=%(refname)%00%(upstream:short)%00%(objectname)%00%(upstream:track)%00%(upstream:remotename)%00%(upstream:remoteref) refs/heads/part1 refs/remotes/part1 [2ms]
2025-05-14 17:37:30.328 [info] > git for-each-ref --sort -committerdate --format %(refname)%00%(objectname)%00%(*objectname) [2ms]
2025-05-14 17:37:30.341 [info] > git status -z -uall [20ms]
2025-05-14 17:39:43.856 [info] > git config --get commit.template [3ms]
2025-05-14 17:39:43.864 [info] > git for-each-ref --format=%(refname)%00%(upstream:short)%00%(objectname)%00%(upstream:track)%00%(upstream:remotename)%00%(upstream:remoteref) refs/heads/part1 refs/remotes/part1 [1ms]
2025-05-14 17:39:43.877 [info] > git for-each-ref --sort -committerdate --format %(refname)%00%(objectname)%00%(*objectname) [2ms]
2025-05-14 17:39:43.895 [info] > git status -z -uall [25ms]
2025-05-14 17:39:49.023 [info] > git config --get commit.template [14ms]
2025-05-14 17:39:49.026 [info] > git for-each-ref --format=%(refname)%00%(upstream:short)%00%(objectname)%00%(upstream:track)%00%(upstream:remotename)%00%(upstream:remoteref) refs/heads/part1 refs/remotes/part1 [4ms]
2025-05-14 17:39:49.055 [info] > git for-each-ref --sort -committerdate --format %(refname)%00%(objectname)%00%(*objectname) [3ms]
2025-05-14 17:39:49.071 [info] > git status -z -uall [32ms]
2025-05-14 17:40:39.551 [info] > git config --get commit.template [4ms]
2025-05-14 17:40:39.561 [info] > git for-each-ref --format=%(refname)%00%(upstream:short)%00%(objectname)%00%(upstream:track)%00%(upstream:remotename)%00%(upstream:remoteref) refs/heads/part1 refs/remotes/part1 [3ms]
2025-05-14 17:40:39.577 [info] > git for-each-ref --sort -committerdate --format %(refname)%00%(objectname)%00%(*objectname) [1ms]
2025-05-14 17:40:39.598 [info] > git status -z -uall [30ms]
2025-05-14 17:40:44.705 [info] > git config --get commit.template [5ms]
2025-05-14 17:40:44.705 [info] > git for-each-ref --format=%(refname)%00%(upstream:short)%00%(objectname)%00%(upstream:track)%00%(upstream:remotename)%00%(upstream:remoteref) refs/heads/part1 refs/remotes/part1 [1ms]
2025-05-14 17:40:44.716 [info] > git for-each-ref --sort -committerdate --format %(refname)%00%(objectname)%00%(*objectname) [2ms]
2025-05-14 17:40:44.727 [info] > git status -z -uall [17ms]
2025-05-14 17:40:49.822 [info] > git config --get commit.template [13ms]
2025-05-14 17:40:49.824 [info] > git for-each-ref --format=%(refname)%00%(upstream:short)%00%(objectname)%00%(upstream:track)%00%(upstream:remotename)%00%(upstream:remoteref) refs/heads/part1 refs/remotes/part1 [4ms]
2025-05-14 17:40:49.852 [info] > git for-each-ref --sort -committerdate --format %(refname)%00%(objectname)%00%(*objectname) [3ms]
2025-05-14 17:40:49.866 [info] > git status -z -uall [29ms]
2025-05-14 17:40:54.944 [info] > git config --get commit.template [5ms]
2025-05-14 17:40:54.945 [info] > git for-each-ref --format=%(refname)%00%(upstream:short)%00%(objectname)%00%(upstream:track)%00%(upstream:remotename)%00%(upstream:remoteref) refs/heads/part1 refs/remotes/part1 [1ms]
2025-05-14 17:40:54.955 [info] > git for-each-ref --sort -committerdate --format %(refname)%00%(objectname)%00%(*objectname) [1ms]
2025-05-14 17:40:54.966 [info] > git status -z -uall [17ms]
2025-05-14 17:41:00.056 [info] > git config --get commit.template [7ms]
2025-05-14 17:41:00.056 [info] > git for-each-ref --format=%(refname)%00%(upstream:short)%00%(objectname)%00%(upstream:track)%00%(upstream:remotename)%00%(upstream:remoteref) refs/heads/part1 refs/remotes/part1 [1ms]
2025-05-14 17:41:00.069 [info] > git for-each-ref --sort -committerdate --format %(refname)%00%(objectname)%00%(*objectname) [2ms]
2025-05-14 17:41:00.082 [info] > git status -z -uall [20ms]
2025-05-14 17:41:05.186 [info] > git config --get commit.template [19ms]
2025-05-14 17:41:05.188 [info] > git for-each-ref --format=%(refname)%00%(upstream:short)%00%(objectname)%00%(upstream:track)%00%(upstream:remotename)%00%(upstream:remoteref) refs/heads/part1 refs/remotes/part1 [4ms]
2025-05-14 17:41:05.207 [info] > git for-each-ref --sort -committerdate --format %(refname)%00%(objectname)%00%(*objectname) [2ms]
2025-05-14 17:41:05.220 [info] > git status -z -uall [22ms]
2025-05-14 17:41:10.301 [info] > git config --get commit.template [5ms]
2025-05-14 17:41:10.301 [info] > git for-each-ref --format=%(refname)%00%(upstream:short)%00%(objectname)%00%(upstream:track)%00%(upstream:remotename)%00%(upstream:remoteref) refs/heads/part1 refs/remotes/part1 [1ms]
2025-05-14 17:41:10.312 [info] > git for-each-ref --sort -committerdate --format %(refname)%00%(objectname)%00%(*objectname) [2ms]
2025-05-14 17:41:10.333 [info] > git status -z -uall [27ms]
2025-05-14 17:41:16.371 [info] > git config --get commit.template [6ms]
2025-05-14 17:41:16.371 [info] > git for-each-ref --format=%(refname)%00%(upstream:short)%00%(objectname)%00%(upstream:track)%00%(upstream:remotename)%00%(upstream:remoteref) refs/heads/part1 refs/remotes/part1 [1ms]
2025-05-14 17:41:16.383 [info] > git for-each-ref --sort -committerdate --format %(refname)%00%(objectname)%00%(*objectname) [1ms]
2025-05-14 17:41:16.395 [info] > git status -z -uall [18ms]
2025-05-14 17:41:21.478 [info] > git config --get commit.template [1ms]
2025-05-14 17:41:21.485 [info] > git for-each-ref --format=%(refname)%00%(upstream:short)%00%(objectname)%00%(upstream:track)%00%(upstream:remotename)%00%(upstream:remoteref) refs/heads/part1 refs/remotes/part1 [2ms]
2025-05-14 17:41:21.498 [info] > git for-each-ref --sort -committerdate --format %(refname)%00%(objectname)%00%(*objectname) [1ms]
2025-05-14 17:41:21.512 [info] > git status -z -uall [21ms]
2025-05-14 17:41:26.616 [info] > git config --get commit.template [16ms]
2025-05-14 17:41:26.618 [info] > git for-each-ref --format=%(refname)%00%(upstream:short)%00%(objectname)%00%(upstream:track)%00%(upstream:remotename)%00%(upstream:remoteref) refs/heads/part1 refs/remotes/part1 [4ms]
2025-05-14 17:41:26.648 [info] > git for-each-ref --sort -committerdate --format %(refname)%00%(objectname)%00%(*objectname) [2ms]
2025-05-14 17:41:26.663 [info] > git status -z -uall [28ms]
2025-05-14 17:41:32.196 [info] > git config --get commit.template [1ms]
2025-05-14 17:41:32.202 [info] > git for-each-ref --format=%(refname)%00%(upstream:short)%00%(objectname)%00%(upstream:track)%00%(upstream:remotename)%00%(upstream:remoteref) refs/heads/part1 refs/remotes/part1 [1ms]
2025-05-14 17:41:32.214 [info] > git for-each-ref --sort -committerdate --format %(refname)%00%(objectname)%00%(*objectname) [2ms]
2025-05-14 17:41:32.227 [info] > git status -z -uall [20ms]
2025-05-14 17:41:37.332 [info] > git config --get commit.template [18ms]
2025-05-14 17:41:37.334 [info] > git for-each-ref --format=%(refname)%00%(upstream:short)%00%(objectname)%00%(upstream:track)%00%(upstream:remotename)%00%(upstream:remoteref) refs/heads/part1 refs/remotes/part1 [4ms]
2025-05-14 17:41:37.364 [info] > git for-each-ref --sort -committerdate --format %(refname)%00%(objectname)%00%(*objectname) [3ms]
2025-05-14 17:41:37.379 [info] > git status -z -uall [30ms]
2025-05-14 17:41:42.459 [info] > git config --get commit.template [5ms]
2025-05-14 17:41:42.460 [info] > git for-each-ref --format=%(refname)%00%(upstream:short)%00%(objectname)%00%(upstream:track)%00%(upstream:remotename)%00%(upstream:remoteref) refs/heads/part1 refs/remotes/part1 [1ms]
2025-05-14 17:41:42.472 [info] > git for-each-ref --sort -committerdate --format %(refname)%00%(objectname)%00%(*objectname) [2ms]
2025-05-14 17:41:42.487 [info] > git status -z -uall [23ms]
2025-05-14 17:41:48.384 [info] > git config --get commit.template [8ms]
2025-05-14 17:41:48.385 [info] > git for-each-ref --format=%(refname)%00%(upstream:short)%00%(objectname)%00%(upstream:track)%00%(upstream:remotename)%00%(upstream:remoteref) refs/heads/part1 refs/remotes/part1 [1ms]
2025-05-14 17:41:48.398 [info] > git for-each-ref --sort -committerdate --format %(refname)%00%(objectname)%00%(*objectname) [2ms]
2025-05-14 17:41:48.411 [info] > git status -z -uall [20ms]
2025-05-14 17:41:53.491 [info] > git config --get commit.template [6ms]
2025-05-14 17:41:53.492 [info] > git for-each-ref --format=%(refname)%00%(upstream:short)%00%(objectname)%00%(upstream:track)%00%(upstream:remotename)%00%(upstream:remoteref) refs/heads/part1 refs/remotes/part1 [2ms]
2025-05-14 17:41:53.503 [info] > git for-each-ref --sort -committerdate --format %(refname)%00%(objectname)%00%(*objectname) [2ms]
2025-05-14 17:41:53.515 [info] > git status -z -uall [18ms]
2025-05-14 17:41:58.603 [info] > git config --get commit.template [5ms]
2025-05-14 17:41:58.603 [info] > git for-each-ref --format=%(refname)%00%(upstream:short)%00%(objectname)%00%(upstream:track)%00%(upstream:remotename)%00%(upstream:remoteref) refs/heads/part1 refs/remotes/part1 [1ms]
2025-05-14 17:41:58.615 [info] > git for-each-ref --sort -committerdate --format %(refname)%00%(objectname)%00%(*objectname) [2ms]
2025-05-14 17:41:58.630 [info] > git status -z -uall [22ms]
2025-05-14 17:41:59.406 [info] > git ls-files --stage -- rule9a.txt [2ms]
2025-05-14 17:41:59.413 [info] > git show --textconv :rule9a.txt [13ms]
2025-05-14 17:41:59.413 [info] > git cat-file -s 7e5d7c0249fa48cc6a8c5abb511bd54008d7241d [2ms]
2025-05-14 17:42:02.014 [info] > git show --textconv :rule2.txt [16ms]
2025-05-14 17:42:02.018 [info] > git ls-files --stage -- rule2.txt [5ms]
2025-05-14 17:42:02.036 [info] > git cat-file -s b5193abb35981a86a7d50d1a305ed9ea1ebd570d [4ms]
2025-05-14 17:42:03.711 [info] > git config --get commit.template [6ms]
2025-05-14 17:42:03.712 [info] > git for-each-ref --format=%(refname)%00%(upstream:short)%00%(objectname)%00%(upstream:track)%00%(upstream:remotename)%00%(upstream:remoteref) refs/heads/part1 refs/remotes/part1 [1ms]
2025-05-14 17:42:03.723 [info] > git for-each-ref --sort -committerdate --format %(refname)%00%(objectname)%00%(*objectname) [1ms]
2025-05-14 17:42:03.737 [info] > git status -z -uall [20ms]
2025-05-14 17:42:08.827 [info] > git config --get commit.template [5ms]
2025-05-14 17:42:08.828 [info] > git for-each-ref --format=%(refname)%00%(upstream:short)%00%(objectname)%00%(upstream:track)%00%(upstream:remotename)%00%(upstream:remoteref) refs/heads/part1 refs/remotes/part1 [1ms]
2025-05-14 17:42:08.844 [info] > git for-each-ref --sort -committerdate --format %(refname)%00%(objectname)%00%(*objectname) [5ms]
2025-05-14 17:42:08.854 [info] > git status -z -uall [20ms]
2025-05-14 17:42:13.938 [info] > git config --get commit.template [6ms]
2025-05-14 17:42:13.939 [info] > git for-each-ref --format=%(refname)%00%(upstream:short)%00%(objectname)%00%(upstream:track)%00%(upstream:remotename)%00%(upstream:remoteref) refs/heads/part1 refs/remotes/part1 [1ms]
2025-05-14 17:42:13.953 [info] > git for-each-ref --sort -committerdate --format %(refname)%00%(objectname)%00%(*objectname) [1ms]
2025-05-14 17:42:13.969 [info] > git status -z -uall [23ms]
2025-05-14 17:42:19.888 [info] > git config --get commit.template [16ms]
2025-05-14 17:42:19.889 [info] > git for-each-ref --format=%(refname)%00%(upstream:short)%00%(objectname)%00%(upstream:track)%00%(upstream:remotename)%00%(upstream:remoteref) refs/heads/part1 refs/remotes/part1 [3ms]
2025-05-14 17:42:19.916 [info] > git for-each-ref --sort -committerdate --format %(refname)%00%(objectname)%00%(*objectname) [2ms]
2025-05-14 17:42:19.936 [info] > git status -z -uall [33ms]
2025-05-14 17:42:25.044 [info] > git config --get commit.template [17ms]
2025-05-14 17:42:25.045 [info] > git for-each-ref --format=%(refname)%00%(upstream:short)%00%(objectname)%00%(upstream:track)%00%(upstream:remotename)%00%(upstream:remoteref) refs/heads/part1 refs/remotes/part1 [1ms]
2025-05-14 17:42:25.057 [info] > git for-each-ref --sort -committerdate --format %(refname)%00%(objectname)%00%(*objectname) [2ms]
2025-05-14 17:42:25.068 [info] > git status -z -uall [18ms]
2025-05-14 17:42:30.148 [info] > git config --get commit.template [5ms]
2025-05-14 17:42:30.148 [info] > git for-each-ref --format=%(refname)%00%(upstream:short)%00%(objectname)%00%(upstream:track)%00%(upstream:remotename)%00%(upstream:remoteref) refs/heads/part1 refs/remotes/part1 [1ms]
2025-05-14 17:42:30.159 [info] > git for-each-ref --sort -committerdate --format %(refname)%00%(objectname)%00%(*objectname) [1ms]
2025-05-14 17:42:30.171 [info] > git status -z -uall [18ms]
2025-05-14 17:42:35.250 [info] > git config --get commit.template [5ms]
2025-05-14 17:42:35.251 [info] > git for-each-ref --format=%(refname)%00%(upstream:short)%00%(objectname)%00%(upstream:track)%00%(upstream:remotename)%00%(upstream:remoteref) refs/heads/part1 refs/remotes/part1 [1ms]
2025-05-14 17:42:35.262 [info] > git for-each-ref --sort -committerdate --format %(refname)%00%(objectname)%00%(*objectname) [1ms]
2025-05-14 17:42:35.274 [info] > git status -z -uall [18ms]
2025-05-14 17:42:40.355 [info] > git config --get commit.template [5ms]
2025-05-14 17:42:40.355 [info] > git for-each-ref --format=%(refname)%00%(upstream:short)%00%(objectname)%00%(upstream:track)%00%(upstream:remotename)%00%(upstream:remoteref) refs/heads/part1 refs/remotes/part1 [1ms]
2025-05-14 17:42:40.368 [info] > git for-each-ref --sort -committerdate --format %(refname)%00%(objectname)%00%(*objectname) [1ms]
2025-05-14 17:42:40.383 [info] > git status -z -uall [22ms]
2025-05-14 17:42:45.477 [info] > git config --get commit.template [6ms]
2025-05-14 17:42:45.478 [info] > git for-each-ref --format=%(refname)%00%(upstream:short)%00%(objectname)%00%(upstream:track)%00%(upstream:remotename)%00%(upstream:remoteref) refs/heads/part1 refs/remotes/part1 [1ms]
2025-05-14 17:42:45.491 [info] > git for-each-ref --sort -committerdate --format %(refname)%00%(objectname)%00%(*objectname) [1ms]
2025-05-14 17:42:45.513 [info] > git status -z -uall [29ms]
2025-05-14 17:42:51.428 [info] > git config --get commit.template [20ms]
2025-05-14 17:42:51.430 [info] > git for-each-ref --format=%(refname)%00%(upstream:short)%00%(objectname)%00%(upstream:track)%00%(upstream:remotename)%00%(upstream:remoteref) refs/heads/part1 refs/remotes/part1 [4ms]
2025-05-14 17:42:51.455 [info] > git for-each-ref --sort -committerdate --format %(refname)%00%(objectname)%00%(*objectname) [2ms]
2025-05-14 17:42:51.468 [info] > git status -z -uall [22ms]
2025-05-14 17:42:56.572 [info] > git config --get commit.template [17ms]
2025-05-14 17:42:56.575 [info] > git for-each-ref --format=%(refname)%00%(upstream:short)%00%(objectname)%00%(upstream:track)%00%(upstream:remotename)%00%(upstream:remoteref) refs/heads/part1 refs/remotes/part1 [4ms]
2025-05-14 17:42:56.618 [info] > git for-each-ref --sort -committerdate --format %(refname)%00%(objectname)%00%(*objectname) [13ms]
2025-05-14 17:42:56.631 [info] > git status -z -uall [40ms]
2025-05-14 17:43:01.785 [info] > git config --get commit.template [5ms]
2025-05-14 17:43:01.785 [info] > git for-each-ref --format=%(refname)%00%(upstream:short)%00%(objectname)%00%(upstream:track)%00%(upstream:remotename)%00%(upstream:remoteref) refs/heads/part1 refs/remotes/part1 [1ms]
2025-05-14 17:43:01.795 [info] > git for-each-ref --sort -committerdate --format %(refname)%00%(objectname)%00%(*objectname) [1ms]
2025-05-14 17:43:01.807 [info] > git status -z -uall [17ms]
2025-05-14 17:43:06.901 [info] > git config --get commit.template [16ms]
2025-05-14 17:43:06.902 [info] > git for-each-ref --format=%(refname)%00%(upstream:short)%00%(objectname)%00%(upstream:track)%00%(upstream:remotename)%00%(upstream:remoteref) refs/heads/part1 refs/remotes/part1 [2ms]
2025-05-14 17:43:06.916 [info] > git for-each-ref --sort -committerdate --format %(refname)%00%(objectname)%00%(*objectname) [2ms]
2025-05-14 17:43:06.928 [info] > git status -z -uall [18ms]
2025-05-14 17:43:25.754 [info] > git config --get commit.template [7ms]
2025-05-14 17:43:25.754 [info] > git for-each-ref --format=%(refname)%00%(upstream:short)%00%(objectname)%00%(upstream:track)%00%(upstream:remotename)%00%(upstream:remoteref) refs/heads/part1 refs/remotes/part1 [1ms]
2025-05-14 17:43:25.769 [info] > git for-each-ref --sort -committerdate --format %(refname)%00%(objectname)%00%(*objectname) [2ms]
2025-05-14 17:43:25.783 [info] > git status -z -uall [23ms]
2025-05-14 17:43:30.887 [info] > git config --get commit.template [7ms]
2025-05-14 17:43:30.888 [info] > git for-each-ref --format=%(refname)%00%(upstream:short)%00%(objectname)%00%(upstream:track)%00%(upstream:remotename)%00%(upstream:remoteref) refs/heads/part1 refs/remotes/part1 [2ms]
2025-05-14 17:43:30.900 [info] > git for-each-ref --sort -committerdate --format %(refname)%00%(objectname)%00%(*objectname) [1ms]
2025-05-14 17:43:30.913 [info] > git status -z -uall [20ms]
2025-05-14 17:43:36.013 [info] > git config --get commit.template [17ms]
2025-05-14 17:43:36.015 [info] > git for-each-ref --format=%(refname)%00%(upstream:short)%00%(objectname)%00%(upstream:track)%00%(upstream:remotename)%00%(upstream:remoteref) refs/heads/part1 refs/remotes/part1 [4ms]
2025-05-14 17:43:36.049 [info] > git for-each-ref --sort -committerdate --format %(refname)%00%(objectname)%00%(*objectname) [3ms]
2025-05-14 17:43:36.075 [info] > git status -z -uall [44ms]
2025-05-14 17:43:41.184 [info] > git config --get commit.template [17ms]
2025-05-14 17:43:41.186 [info] > git for-each-ref --format=%(refname)%00%(upstream:short)%00%(objectname)%00%(upstream:track)%00%(upstream:remotename)%00%(upstream:remoteref) refs/heads/part1 refs/remotes/part1 [3ms]
2025-05-14 17:43:41.207 [info] > git for-each-ref --sort -committerdate --format %(refname)%00%(objectname)%00%(*objectname) [1ms]
2025-05-14 17:43:41.222 [info] > git status -z -uall [24ms]
2025-05-14 17:43:46.370 [info] > git config --get commit.template [6ms]
2025-05-14 17:43:46.370 [info] > git for-each-ref --format=%(refname)%00%(upstream:short)%00%(objectname)%00%(upstream:track)%00%(upstream:remotename)%00%(upstream:remoteref) refs/heads/part1 refs/remotes/part1 [1ms]
2025-05-14 17:43:46.382 [info] > git for-each-ref --sort -committerdate --format %(refname)%00%(objectname)%00%(*objectname) [2ms]
2025-05-14 17:43:46.394 [info] > git status -z -uall [18ms]
2025-05-14 17:43:51.490 [info] > git config --get commit.template [16ms]
2025-05-14 17:43:51.492 [info] > git for-each-ref --format=%(refname)%00%(upstream:short)%00%(objectname)%00%(upstream:track)%00%(upstream:remotename)%00%(upstream:remoteref) refs/heads/part1 refs/remotes/part1 [3ms]
2025-05-14 17:43:51.510 [info] > git for-each-ref --sort -committerdate --format %(refname)%00%(objectname)%00%(*objectname) [2ms]
2025-05-14 17:43:51.522 [info] > git status -z -uall [21ms]
2025-05-14 17:43:56.600 [info] > git config --get commit.template [6ms]
2025-05-14 17:43:56.601 [info] > git for-each-ref --format=%(refname)%00%(upstream:short)%00%(objectname)%00%(upstream:track)%00%(upstream:remotename)%00%(upstream:remoteref) refs/heads/part1 refs/remotes/part1 [2ms]
2025-05-14 17:43:56.611 [info] > git for-each-ref --sort -committerdate --format %(refname)%00%(objectname)%00%(*objectname) [1ms]
2025-05-14 17:43:56.625 [info] > git status -z -uall [19ms]
2025-05-14 17:44:02.669 [info] > git config --get commit.template [5ms]
2025-05-14 17:44:02.670 [info] > git for-each-ref --format=%(refname)%00%(upstream:short)%00%(objectname)%00%(upstream:track)%00%(upstream:remotename)%00%(upstream:remoteref) refs/heads/part1 refs/remotes/part1 [1ms]
2025-05-14 17:44:02.691 [info] > git for-each-ref --sort -committerdate --format %(refname)%00%(objectname)%00%(*objectname) [1ms]
2025-05-14 17:44:02.702 [info] > git status -z -uall [17ms]
2025-05-14 17:44:07.772 [info] > git config --get commit.template [5ms]
2025-05-14 17:44:07.773 [info] > git for-each-ref --format=%(refname)%00%(upstream:short)%00%(objectname)%00%(upstream:track)%00%(upstream:remotename)%00%(upstream:remoteref) refs/heads/part1 refs/remotes/part1 [1ms]
2025-05-14 17:44:07.784 [info] > git for-each-ref --sort -committerdate --format %(refname)%00%(objectname)%00%(*objectname) [2ms]
2025-05-14 17:44:07.795 [info] > git status -z -uall [17ms]
2025-05-14 17:44:12.867 [info] > git config --get commit.template [7ms]
2025-05-14 17:44:12.867 [info] > git for-each-ref --format=%(refname)%00%(upstream:short)%00%(objectname)%00%(upstream:track)%00%(upstream:remotename)%00%(upstream:remoteref) refs/heads/part1 refs/remotes/part1 [1ms]
2025-05-14 17:44:12.880 [info] > git for-each-ref --sort -committerdate --format %(refname)%00%(objectname)%00%(*objectname) [1ms]
2025-05-14 17:44:12.892 [info] > git status -z -uall [19ms]
2025-05-14 17:44:18.005 [info] > git config --get commit.template [16ms]
2025-05-14 17:44:18.007 [info] > git for-each-ref --format=%(refname)%00%(upstream:short)%00%(objectname)%00%(upstream:track)%00%(upstream:remotename)%00%(upstream:remoteref) refs/heads/part1 refs/remotes/part1 [3ms]
2025-05-14 17:44:18.023 [info] > git for-each-ref --sort -committerdate --format %(refname)%00%(objectname)%00%(*objectname) [2ms]
2025-05-14 17:44:18.035 [info] > git status -z -uall [20ms]
2025-05-14 17:44:23.575 [info] > git config --get commit.template [9ms]
2025-05-14 17:44:23.583 [info] > git for-each-ref --format=%(refname)%00%(upstream:short)%00%(objectname)%00%(upstream:track)%00%(upstream:remotename)%00%(upstream:remoteref) refs/heads/part1 refs/remotes/part1 [1ms]
2025-05-14 17:44:23.596 [info] > git for-each-ref --sort -committerdate --format %(refname)%00%(objectname)%00%(*objectname) [1ms]
2025-05-14 17:44:23.608 [info] > git status -z -uall [19ms]
2025-05-14 17:44:28.705 [info] > git config --get commit.template [11ms]
2025-05-14 17:44:28.705 [info] > git for-each-ref --format=%(refname)%00%(upstream:short)%00%(objectname)%00%(upstream:track)%00%(upstream:remotename)%00%(upstream:remoteref) refs/heads/part1 refs/remotes/part1 [1ms]
2025-05-14 17:44:28.717 [info] > git for-each-ref --sort -committerdate --format %(refname)%00%(objectname)%00%(*objectname) [2ms]
2025-05-14 17:44:28.729 [info] > git status -z -uall [18ms]
2025-05-14 17:44:34.780 [info] > git config --get commit.template [8ms]
2025-05-14 17:44:34.792 [info] > git for-each-ref --format=%(refname)%00%(upstream:short)%00%(objectname)%00%(upstream:track)%00%(upstream:remotename)%00%(upstream:remoteref) refs/heads/part1 refs/remotes/part1 [5ms]
2025-05-14 17:44:34.806 [info] > git for-each-ref --sort -committerdate --format %(refname)%00%(objectname)%00%(*objectname) [2ms]
2025-05-14 17:44:34.823 [info] > git status -z -uall [25ms]
2025-05-14 17:44:39.956 [info] > git config --get commit.template [5ms]
2025-05-14 17:44:39.956 [info] > git for-each-ref --format=%(refname)%00%(upstream:short)%00%(objectname)%00%(upstream:track)%00%(upstream:remotename)%00%(upstream:remoteref) refs/heads/part1 refs/remotes/part1 [1ms]
2025-05-14 17:44:39.966 [info] > git for-each-ref --sort -committerdate --format %(refname)%00%(objectname)%00%(*objectname) [1ms]
2025-05-14 17:44:39.979 [info] > git status -z -uall [18ms]
2025-05-14 17:44:44.042 [info] > git ls-files --stage -- lex.yy.c [1ms]
2025-05-14 17:44:44.049 [info] > git cat-file -s 291939ae23594d1caeb31f03fd90f04c00269e4a [2ms]
2025-05-14 17:44:44.050 [info] > git show --textconv :lex.yy.c [14ms]
2025-05-14 17:44:45.049 [info] > git config --get commit.template [6ms]
2025-05-14 17:44:45.050 [info] > git for-each-ref --format=%(refname)%00%(upstream:short)%00%(objectname)%00%(upstream:track)%00%(upstream:remotename)%00%(upstream:remoteref) refs/heads/part1 refs/remotes/part1 [1ms]
2025-05-14 17:44:45.062 [info] > git for-each-ref --sort -committerdate --format %(refname)%00%(objectname)%00%(*objectname) [1ms]
2025-05-14 17:44:45.074 [info] > git status -z -uall [19ms]
2025-05-14 17:44:50.158 [info] > git config --get commit.template [6ms]
2025-05-14 17:44:50.159 [info] > git for-each-ref --format=%(refname)%00%(upstream:short)%00%(objectname)%00%(upstream:track)%00%(upstream:remotename)%00%(upstream:remoteref) refs/heads/part1 refs/remotes/part1 [1ms]
2025-05-14 17:44:50.172 [info] > git for-each-ref --sort -committerdate --format %(refname)%00%(objectname)%00%(*objectname) [2ms]
2025-05-14 17:44:50.188 [info] > git status -z -uall [23ms]
2025-05-14 17:44:51.342 [info] > git show --textconv :part1_EL.l [15ms]
2025-05-14 17:44:51.344 [info] > git ls-files --stage -- part1_EL.l [3ms]
2025-05-14 17:44:51.351 [info] > git cat-file -s 9e12138743a2ec4dbc80d67bfaca56800d54c4e6 [1ms]
2025-05-14 17:44:55.348 [info] > git config --get commit.template [7ms]
2025-05-14 17:44:55.348 [info] > git for-each-ref --format=%(refname)%00%(upstream:short)%00%(objectname)%00%(upstream:track)%00%(upstream:remotename)%00%(upstream:remoteref) refs/heads/part1 refs/remotes/part1 [1ms]
2025-05-14 17:44:55.360 [info] > git for-each-ref --sort -committerdate --format %(refname)%00%(objectname)%00%(*objectname) [1ms]
2025-05-14 17:44:55.371 [info] > git status -z -uall [17ms]
2025-05-14 17:45:00.449 [info] > git config --get commit.template [6ms]
2025-05-14 17:45:00.449 [info] > git for-each-ref --format=%(refname)%00%(upstream:short)%00%(objectname)%00%(upstream:track)%00%(upstream:remotename)%00%(upstream:remoteref) refs/heads/part1 refs/remotes/part1 [1ms]
2025-05-14 17:45:00.461 [info] > git for-each-ref --sort -committerdate --format %(refname)%00%(objectname)%00%(*objectname) [1ms]
2025-05-14 17:45:00.473 [info] > git status -z -uall [18ms]
2025-05-14 17:45:06.475 [info] > git config --get commit.template [5ms]
2025-05-14 17:45:06.475 [info] > git for-each-ref --format=%(refname)%00%(upstream:short)%00%(objectname)%00%(upstream:track)%00%(upstream:remotename)%00%(upstream:remoteref) refs/heads/part1 refs/remotes/part1 [1ms]
2025-05-14 17:45:06.486 [info] > git for-each-ref --sort -committerdate --format %(refname)%00%(objectname)%00%(*objectname) [2ms]
2025-05-14 17:45:06.497 [info] > git status -z -uall [17ms]
2025-05-14 17:48:10.015 [info] > git config --get commit.template [10ms]
2025-05-14 17:48:10.015 [info] > git for-each-ref --format=%(refname)%00%(upstream:short)%00%(objectname)%00%(upstream:track)%00%(upstream:remotename)%00%(upstream:remoteref) refs/heads/part1 refs/remotes/part1 [2ms]
2025-05-14 17:48:10.030 [info] > git for-each-ref --sort -committerdate --format %(refname)%00%(objectname)%00%(*objectname) [2ms]
2025-05-14 17:48:10.045 [info] > git status -z -uall [23ms]
2025-05-14 17:48:15.162 [info] > git config --get commit.template [6ms]
2025-05-14 17:48:15.162 [info] > git for-each-ref --format=%(refname)%00%(upstream:short)%00%(objectname)%00%(upstream:track)%00%(upstream:remotename)%00%(upstream:remoteref) refs/heads/part1 refs/remotes/part1 [1ms]
2025-05-14 17:48:15.175 [info] > git for-each-ref --sort -committerdate --format %(refname)%00%(objectname)%00%(*objectname) [2ms]
2025-05-14 17:48:15.187 [info] > git status -z -uall [19ms]
2025-05-14 17:48:20.273 [info] > git config --get commit.template [7ms]
2025-05-14 17:48:20.274 [info] > git for-each-ref --format=%(refname)%00%(upstream:short)%00%(objectname)%00%(upstream:track)%00%(upstream:remotename)%00%(upstream:remoteref) refs/heads/part1 refs/remotes/part1 [1ms]
2025-05-14 17:48:20.287 [info] > git for-each-ref --sort -committerdate --format %(refname)%00%(objectname)%00%(*objectname) [1ms]
2025-05-14 17:48:20.300 [info] > git status -z -uall [20ms]
2025-05-14 17:48:26.348 [info] > git config --get commit.template [5ms]
2025-05-14 17:48:26.349 [info] > git for-each-ref --format=%(refname)%00%(upstream:short)%00%(objectname)%00%(upstream:track)%00%(upstream:remotename)%00%(upstream:remoteref) refs/heads/part1 refs/remotes/part1 [1ms]
2025-05-14 17:48:26.367 [info] > git for-each-ref --sort -committerdate --format %(refname)%00%(objectname)%00%(*objectname) [8ms]
2025-05-14 17:48:26.375 [info] > git status -z -uall [21ms]
2025-05-14 17:50:03.673 [info] > git config --get commit.template [8ms]
2025-05-14 17:50:03.675 [info] > git for-each-ref --format=%(refname)%00%(upstream:short)%00%(objectname)%00%(upstream:track)%00%(upstream:remotename)%00%(upstream:remoteref) refs/heads/part1 refs/remotes/part1 [3ms]
2025-05-14 17:50:03.688 [info] > git for-each-ref --sort -committerdate --format %(refname)%00%(objectname)%00%(*objectname) [2ms]
2025-05-14 17:50:03.704 [info] > git status -z -uall [23ms]
2025-05-14 17:50:08.833 [info] > git config --get commit.template [13ms]
2025-05-14 17:50:08.834 [info] > git for-each-ref --format=%(refname)%00%(upstream:short)%00%(objectname)%00%(upstream:track)%00%(upstream:remotename)%00%(upstream:remoteref) refs/heads/part1 refs/remotes/part1 [2ms]
2025-05-14 17:50:08.844 [info] > git for-each-ref --sort -committerdate --format %(refname)%00%(objectname)%00%(*objectname) [1ms]
2025-05-14 17:50:08.861 [info] > git status -z -uall [22ms]
2025-05-14 17:50:13.943 [info] > git config --get commit.template [8ms]
2025-05-14 17:50:13.944 [info] > git for-each-ref --format=%(refname)%00%(upstream:short)%00%(objectname)%00%(upstream:track)%00%(upstream:remotename)%00%(upstream:remoteref) refs/heads/part1 refs/remotes/part1 [1ms]
2025-05-14 17:50:13.957 [info] > git for-each-ref --sort -committerdate --format %(refname)%00%(objectname)%00%(*objectname) [1ms]
2025-05-14 17:50:13.969 [info] > git status -z -uall [19ms]
2025-05-14 17:50:19.070 [info] > git config --get commit.template [9ms]
2025-05-14 17:50:19.071 [info] > git for-each-ref --format=%(refname)%00%(upstream:short)%00%(objectname)%00%(upstream:track)%00%(upstream:remotename)%00%(upstream:remoteref) refs/heads/part1 refs/remotes/part1 [2ms]
2025-05-14 17:50:19.083 [info] > git for-each-ref --sort -committerdate --format %(refname)%00%(objectname)%00%(*objectname) [2ms]
2025-05-14 17:50:19.101 [info] > git status -z -uall [25ms]
2025-05-14 17:50:24.257 [info] > git config --get commit.template [5ms]
2025-05-14 17:50:24.258 [info] > git for-each-ref --format=%(refname)%00%(upstream:short)%00%(objectname)%00%(upstream:track)%00%(upstream:remotename)%00%(upstream:remoteref) refs/heads/part1 refs/remotes/part1 [2ms]
2025-05-14 17:50:24.268 [info] > git for-each-ref --sort -committerdate --format %(refname)%00%(objectname)%00%(*objectname) [2ms]
2025-05-14 17:50:24.281 [info] > git status -z -uall [19ms]
2025-05-14 17:50:32.226 [info] > git config --get commit.template [9ms]
2025-05-14 17:50:32.227 [info] > git for-each-ref --format=%(refname)%00%(upstream:short)%00%(objectname)%00%(upstream:track)%00%(upstream:remotename)%00%(upstream:remoteref) refs/heads/part1 refs/remotes/part1 [1ms]
2025-05-14 17:50:32.240 [info] > git for-each-ref --sort -committerdate --format %(refname)%00%(objectname)%00%(*objectname) [2ms]
2025-05-14 17:50:32.253 [info] > git status -z -uall [21ms]
2025-05-14 17:50:38.291 [info] > git config --get commit.template [5ms]
2025-05-14 17:50:38.291 [info] > git for-each-ref --format=%(refname)%00%(upstream:short)%00%(objectname)%00%(upstream:track)%00%(upstream:remotename)%00%(upstream:remoteref) refs/heads/part1 refs/remotes/part1 [1ms]
2025-05-14 17:50:38.303 [info] > git for-each-ref --sort -committerdate --format %(refname)%00%(objectname)%00%(*objectname) [2ms]
2025-05-14 17:50:38.324 [info] > git status -z -uall [27ms]
2025-05-14 17:52:30.258 [info] > git config --get commit.template [1ms]
2025-05-14 17:52:30.267 [info] > git for-each-ref --format=%(refname)%00%(upstream:short)%00%(objectname)%00%(upstream:track)%00%(upstream:remotename)%00%(upstream:remoteref) refs/heads/part1 refs/remotes/part1 [2ms]
2025-05-14 17:52:30.282 [info] > git for-each-ref --sort -committerdate --format %(refname)%00%(objectname)%00%(*objectname) [1ms]
2025-05-14 17:52:30.298 [info] > git status -z -uall [25ms]
2025-05-14 17:52:35.393 [info] > git config --get commit.template [4ms]
2025-05-14 17:52:35.393 [info] > git for-each-ref --format=%(refname)%00%(upstream:short)%00%(objectname)%00%(upstream:track)%00%(upstream:remotename)%00%(upstream:remoteref) refs/heads/part1 refs/remotes/part1 [1ms]
2025-05-14 17:52:35.403 [info] > git for-each-ref --sort -committerdate --format %(refname)%00%(objectname)%00%(*objectname) [1ms]
2025-05-14 17:52:35.415 [info] > git status -z -uall [17ms]
2025-05-14 17:52:40.521 [info] > git config --get commit.template [16ms]
2025-05-14 17:52:40.523 [info] > git for-each-ref --format=%(refname)%00%(upstream:short)%00%(objectname)%00%(upstream:track)%00%(upstream:remotename)%00%(upstream:remoteref) refs/heads/part1 refs/remotes/part1 [4ms]
2025-05-14 17:52:40.558 [info] > git for-each-ref --sort -committerdate --format %(refname)%00%(objectname)%00%(*objectname) [5ms]
2025-05-14 17:52:40.595 [info] > git status -z -uall [56ms]
2025-05-14 17:52:45.693 [info] > git config --get commit.template [5ms]
2025-05-14 17:52:45.693 [info] > git for-each-ref --format=%(refname)%00%(upstream:short)%00%(objectname)%00%(upstream:track)%00%(upstream:remotename)%00%(upstream:remoteref) refs/heads/part1 refs/remotes/part1 [1ms]
2025-05-14 17:52:45.704 [info] > git for-each-ref --sort -committerdate --format %(refname)%00%(objectname)%00%(*objectname) [1ms]
2025-05-14 17:52:45.719 [info] > git status -z -uall [21ms]
2025-05-14 17:52:53.033 [info] > git config --get commit.template [4ms]
2025-05-14 17:52:53.033 [info] > git for-each-ref --format=%(refname)%00%(upstream:short)%00%(objectname)%00%(upstream:track)%00%(upstream:remotename)%00%(upstream:remoteref) refs/heads/part1 refs/remotes/part1 [1ms]
2025-05-14 17:52:53.044 [info] > git for-each-ref --sort -committerdate --format %(refname)%00%(objectname)%00%(*objectname) [2ms]
2025-05-14 17:52:53.055 [info] > git status -z -uall [17ms]
2025-05-14 17:52:58.141 [info] > git config --get commit.template [15ms]
2025-05-14 17:52:58.143 [info] > git for-each-ref --format=%(refname)%00%(upstream:short)%00%(objectname)%00%(upstream:track)%00%(upstream:remotename)%00%(upstream:remoteref) refs/heads/part1 refs/remotes/part1 [3ms]
2025-05-14 17:52:58.171 [info] > git for-each-ref --sort -committerdate --format %(refname)%00%(objectname)%00%(*objectname) [4ms]
2025-05-14 17:52:58.203 [info] > git status -z -uall [47ms]
2025-05-14 17:53:03.280 [info] > git config --get commit.template [5ms]
2025-05-14 17:53:03.281 [info] > git for-each-ref --format=%(refname)%00%(upstream:short)%00%(objectname)%00%(upstream:track)%00%(upstream:remotename)%00%(upstream:remoteref) refs/heads/part1 refs/remotes/part1 [1ms]
2025-05-14 17:53:03.324 [info] > git for-each-ref --sort -committerdate --format %(refname)%00%(objectname)%00%(*objectname) [4ms]
2025-05-14 17:53:03.357 [info] > git status -z -uall [51ms]
2025-05-14 17:53:09.045 [info] > git config --get commit.template [6ms]
2025-05-14 17:53:09.045 [info] > git for-each-ref --format=%(refname)%00%(upstream:short)%00%(objectname)%00%(upstream:track)%00%(upstream:remotename)%00%(upstream:remoteref) refs/heads/part1 refs/remotes/part1 [1ms]
2025-05-14 17:53:09.061 [info] > git for-each-ref --sort -committerdate --format %(refname)%00%(objectname)%00%(*objectname) [7ms]
2025-05-14 17:53:09.068 [info] > git status -z -uall [18ms]
2025-05-14 17:53:14.156 [info] > git config --get commit.template [10ms]
2025-05-14 17:53:14.158 [info] > git for-each-ref --format=%(refname)%00%(upstream:short)%00%(objectname)%00%(upstream:track)%00%(upstream:remotename)%00%(upstream:remoteref) refs/heads/part1 refs/remotes/part1 [3ms]
2025-05-14 17:53:14.181 [info] > git for-each-ref --sort -committerdate --format %(refname)%00%(objectname)%00%(*objectname) [3ms]
2025-05-14 17:53:14.213 [info] > git status -z -uall [45ms]
2025-05-14 17:53:19.301 [info] > git config --get commit.template [6ms]
2025-05-14 17:53:19.302 [info] > git for-each-ref --format=%(refname)%00%(upstream:short)%00%(objectname)%00%(upstream:track)%00%(upstream:remotename)%00%(upstream:remoteref) refs/heads/part1 refs/remotes/part1 [2ms]
2025-05-14 17:53:19.314 [info] > git for-each-ref --sort -committerdate --format %(refname)%00%(objectname)%00%(*objectname) [1ms]
2025-05-14 17:53:19.334 [info] > git status -z -uall [27ms]
2025-05-14 17:53:25.406 [info] > git config --get commit.template [5ms]
2025-05-14 17:53:25.406 [info] > git for-each-ref --format=%(refname)%00%(upstream:short)%00%(objectname)%00%(upstream:track)%00%(upstream:remotename)%00%(upstream:remoteref) refs/heads/part1 refs/remotes/part1 [1ms]
2025-05-14 17:53:25.417 [info] > git for-each-ref --sort -committerdate --format %(refname)%00%(objectname)%00%(*objectname) [2ms]
2025-05-14 17:53:25.430 [info] > git status -z -uall [19ms]
2025-05-14 17:53:30.501 [info] > git config --get commit.template [5ms]
2025-05-14 17:53:30.508 [info] > git for-each-ref --format=%(refname)%00%(upstream:short)%00%(objectname)%00%(upstream:track)%00%(upstream:remotename)%00%(upstream:remoteref) refs/heads/part1 refs/remotes/part1 [2ms]
2025-05-14 17:53:30.520 [info] > git for-each-ref --sort -committerdate --format %(refname)%00%(objectname)%00%(*objectname) [1ms]
2025-05-14 17:53:30.532 [info] > git status -z -uall [19ms]
2025-05-14 17:53:40.006 [info] > git config --get commit.template [2ms]
2025-05-14 17:53:40.015 [info] > git for-each-ref --format=%(refname)%00%(upstream:short)%00%(objectname)%00%(upstream:track)%00%(upstream:remotename)%00%(upstream:remoteref) refs/heads/part1 refs/remotes/part1 [1ms]
2025-05-14 17:53:40.028 [info] > git for-each-ref --sort -committerdate --format %(refname)%00%(objectname)%00%(*objectname) [2ms]
2025-05-14 17:53:40.040 [info] > git status -z -uall [18ms]
2025-05-14 17:53:45.139 [info] > git config --get commit.template [14ms]
2025-05-14 17:53:45.139 [info] > git for-each-ref --format=%(refname)%00%(upstream:short)%00%(objectname)%00%(upstream:track)%00%(upstream:remotename)%00%(upstream:remoteref) refs/heads/part1 refs/remotes/part1 [2ms]
2025-05-14 17:53:45.152 [info] > git for-each-ref --sort -committerdate --format %(refname)%00%(objectname)%00%(*objectname) [1ms]
2025-05-14 17:53:45.164 [info] > git status -z -uall [18ms]
2025-05-14 17:53:50.242 [info] > git config --get commit.template [5ms]
2025-05-14 17:53:50.243 [info] > git for-each-ref --format=%(refname)%00%(upstream:short)%00%(objectname)%00%(upstream:track)%00%(upstream:remotename)%00%(upstream:remoteref) refs/heads/part1 refs/remotes/part1 [1ms]
2025-05-14 17:53:50.253 [info] > git for-each-ref --sort -committerdate --format %(refname)%00%(objectname)%00%(*objectname) [2ms]
2025-05-14 17:53:50.265 [info] > git status -z -uall [18ms]
2025-05-14 17:53:56.278 [info] > git config --get commit.template [5ms]
2025-05-14 17:53:56.279 [info] > git for-each-ref --format=%(refname)%00%(upstream:short)%00%(objectname)%00%(upstream:track)%00%(upstream:remotename)%00%(upstream:remoteref) refs/heads/part1 refs/remotes/part1 [2ms]
2025-05-14 17:53:56.291 [info] > git for-each-ref --sort -committerdate --format %(refname)%00%(objectname)%00%(*objectname) [2ms]
2025-05-14 17:53:56.302 [info] > git status -z -uall [18ms]
2025-05-14 17:54:01.406 [info] > git config --get commit.template [14ms]
2025-05-14 17:54:01.407 [info] > git for-each-ref --format=%(refname)%00%(upstream:short)%00%(objectname)%00%(upstream:track)%00%(upstream:remotename)%00%(upstream:remoteref) refs/heads/part1 refs/remotes/part1 [3ms]
2025-05-14 17:54:01.421 [info] > git for-each-ref --sort -committerdate --format %(refname)%00%(objectname)%00%(*objectname) [2ms]
2025-05-14 17:54:01.435 [info] > git status -z -uall [20ms]
2025-05-14 17:54:06.518 [info] > git config --get commit.template [6ms]
2025-05-14 17:54:06.519 [info] > git for-each-ref --format=%(refname)%00%(upstream:short)%00%(objectname)%00%(upstream:track)%00%(upstream:remotename)%00%(upstream:remoteref) refs/heads/part1 refs/remotes/part1 [1ms]
2025-05-14 17:54:06.531 [info] > git for-each-ref --sort -committerdate --format %(refname)%00%(objectname)%00%(*objectname) [2ms]
2025-05-14 17:54:06.544 [info] > git status -z -uall [20ms]
2025-05-14 17:54:11.658 [info] > git config --get commit.template [15ms]
2025-05-14 17:54:11.660 [info] > git for-each-ref --format=%(refname)%00%(upstream:short)%00%(objectname)%00%(upstream:track)%00%(upstream:remotename)%00%(upstream:remoteref) refs/heads/part1 refs/remotes/part1 [4ms]
2025-05-14 17:54:11.690 [info] > git for-each-ref --sort -committerdate --format %(refname)%00%(objectname)%00%(*objectname) [4ms]
2025-05-14 17:54:11.728 [info] > git status -z -uall [54ms]
2025-05-14 17:54:16.836 [info] > git config --get commit.template [5ms]
2025-05-14 17:54:16.836 [info] > git for-each-ref --format=%(refname)%00%(upstream:short)%00%(objectname)%00%(upstream:track)%00%(upstream:remotename)%00%(upstream:remoteref) refs/heads/part1 refs/remotes/part1 [1ms]
2025-05-14 17:54:16.847 [info] > git for-each-ref --sort -committerdate --format %(refname)%00%(objectname)%00%(*objectname) [1ms]
2025-05-14 17:54:16.859 [info] > git status -z -uall [18ms]
2025-05-14 17:54:21.960 [info] > git config --get commit.template [15ms]
2025-05-14 17:54:21.962 [info] > git for-each-ref --format=%(refname)%00%(upstream:short)%00%(objectname)%00%(upstream:track)%00%(upstream:remotename)%00%(upstream:remoteref) refs/heads/part1 refs/remotes/part1 [3ms]
2025-05-14 17:54:21.977 [info] > git for-each-ref --sort -committerdate --format %(refname)%00%(objectname)%00%(*objectname) [1ms]
2025-05-14 17:54:21.990 [info] > git status -z -uall [20ms]
2025-05-14 17:54:28.460 [info] > git config --get commit.template [6ms]
2025-05-14 17:54:28.461 [info] > git for-each-ref --format=%(refname)%00%(upstream:short)%00%(objectname)%00%(upstream:track)%00%(upstream:remotename)%00%(upstream:remoteref) refs/heads/part1 refs/remotes/part1 [1ms]
2025-05-14 17:54:28.473 [info] > git for-each-ref --sort -committerdate --format %(refname)%00%(objectname)%00%(*objectname) [2ms]
2025-05-14 17:54:28.486 [info] > git status -z -uall [20ms]
2025-05-14 17:54:33.589 [info] > git config --get commit.template [16ms]
2025-05-14 17:54:33.591 [info] > git for-each-ref --format=%(refname)%00%(upstream:short)%00%(objectname)%00%(upstream:track)%00%(upstream:remotename)%00%(upstream:remoteref) refs/heads/part1 refs/remotes/part1 [4ms]
2025-05-14 17:54:33.626 [info] > git for-each-ref --sort -committerdate --format %(refname)%00%(objectname)%00%(*objectname) [12ms]
2025-05-14 17:54:33.638 [info] > git status -z -uall [34ms]
2025-05-14 17:54:38.833 [info] > git config --get commit.template [6ms]
2025-05-14 17:54:38.833 [info] > git for-each-ref --format=%(refname)%00%(upstream:short)%00%(objectname)%00%(upstream:track)%00%(upstream:remotename)%00%(upstream:remoteref) refs/heads/part1 refs/remotes/part1 [1ms]
2025-05-14 17:54:38.845 [info] > git for-each-ref --sort -committerdate --format %(refname)%00%(objectname)%00%(*objectname) [2ms]
2025-05-14 17:54:38.857 [info] > git status -z -uall [18ms]
2025-05-14 17:54:47.806 [info] > git config --get commit.template [7ms]
2025-05-14 17:54:47.806 [info] > git for-each-ref --format=%(refname)%00%(upstream:short)%00%(objectname)%00%(upstream:track)%00%(upstream:remotename)%00%(upstream:remoteref) refs/heads/part1 refs/remotes/part1 [1ms]
2025-05-14 17:54:47.820 [info] > git for-each-ref --sort -committerdate --format %(refname)%00%(objectname)%00%(*objectname) [1ms]
2025-05-14 17:54:47.833 [info] > git status -z -uall [19ms]
2025-05-14 17:54:52.912 [info] > git config --get commit.template [6ms]
2025-05-14 17:54:52.913 [info] > git for-each-ref --format=%(refname)%00%(upstream:short)%00%(objectname)%00%(upstream:track)%00%(upstream:remotename)%00%(upstream:remoteref) refs/heads/part1 refs/remotes/part1 [1ms]
2025-05-14 17:54:52.927 [info] > git for-each-ref --sort -committerdate --format %(refname)%00%(objectname)%00%(*objectname) [2ms]
2025-05-14 17:54:52.940 [info] > git status -z -uall [21ms]
2025-05-14 17:54:58.022 [info] > git config --get commit.template [5ms]
2025-05-14 17:54:58.023 [info] > git for-each-ref --format=%(refname)%00%(upstream:short)%00%(objectname)%00%(upstream:track)%00%(upstream:remotename)%00%(upstream:remoteref) refs/heads/part1 refs/remotes/part1 [1ms]
2025-05-14 17:54:58.033 [info] > git for-each-ref --sort -committerdate --format %(refname)%00%(objectname)%00%(*objectname) [1ms]
2025-05-14 17:54:58.045 [info] > git status -z -uall [17ms]
2025-05-14 17:55:05.234 [info] > git config --get commit.template [5ms]
2025-05-14 17:55:05.235 [info] > git for-each-ref --format=%(refname)%00%(upstream:short)%00%(objectname)%00%(upstream:track)%00%(upstream:remotename)%00%(upstream:remoteref) refs/heads/part1 refs/remotes/part1 [1ms]
2025-05-14 17:55:05.245 [info] > git for-each-ref --sort -committerdate --format %(refname)%00%(objectname)%00%(*objectname) [1ms]
2025-05-14 17:55:05.257 [info] > git status -z -uall [18ms]
2025-05-14 17:55:10.357 [info] > git config --get commit.template [16ms]
2025-05-14 17:55:10.359 [info] > git for-each-ref --format=%(refname)%00%(upstream:short)%00%(objectname)%00%(upstream:track)%00%(upstream:remotename)%00%(upstream:remoteref) refs/heads/part1 refs/remotes/part1 [3ms]
2025-05-14 17:55:10.390 [info] > git for-each-ref --sort -committerdate --format %(refname)%00%(objectname)%00%(*objectname) [3ms]
2025-05-14 17:55:10.417 [info] > git status -z -uall [41ms]
2025-05-14 17:55:15.526 [info] > git config --get commit.template [19ms]
2025-05-14 17:55:15.528 [info] > git for-each-ref --format=%(refname)%00%(upstream:short)%00%(objectname)%00%(upstream:track)%00%(upstream:remotename)%00%(upstream:remoteref) refs/heads/part1 refs/remotes/part1 [4ms]
2025-05-14 17:55:15.550 [info] > git for-each-ref --sort -committerdate --format %(refname)%00%(objectname)%00%(*objectname) [2ms]
2025-05-14 17:55:15.563 [info] > git status -z -uall [21ms]
2025-05-14 17:55:24.390 [info] > git config --get commit.template [7ms]
2025-05-14 17:55:24.391 [info] > git for-each-ref --format=%(refname)%00%(upstream:short)%00%(objectname)%00%(upstream:track)%00%(upstream:remotename)%00%(upstream:remoteref) refs/heads/part1 refs/remotes/part1 [2ms]
2025-05-14 17:55:24.405 [info] > git for-each-ref --sort -committerdate --format %(refname)%00%(objectname)%00%(*objectname) [1ms]
2025-05-14 17:55:24.418 [info] > git status -z -uall [20ms]
2025-05-14 17:55:29.501 [info] > git config --get commit.template [1ms]
2025-05-14 17:55:29.507 [info] > git for-each-ref --format=%(refname)%00%(upstream:short)%00%(objectname)%00%(upstream:track)%00%(upstream:remotename)%00%(upstream:remoteref) refs/heads/part1 refs/remotes/part1 [2ms]
2025-05-14 17:55:29.517 [info] > git for-each-ref --sort -committerdate --format %(refname)%00%(objectname)%00%(*objectname) [2ms]
2025-05-14 17:55:29.529 [info] > git status -z -uall [18ms]
2025-05-14 17:55:35.398 [info] > git config --get commit.template [7ms]
2025-05-14 17:55:35.399 [info] > git for-each-ref --format=%(refname)%00%(upstream:short)%00%(objectname)%00%(upstream:track)%00%(upstream:remotename)%00%(upstream:remoteref) refs/heads/part1 refs/remotes/part1 [2ms]
2025-05-14 17:55:35.412 [info] > git for-each-ref --sort -committerdate --format %(refname)%00%(objectname)%00%(*objectname) [2ms]
2025-05-14 17:55:35.424 [info] > git status -z -uall [20ms]
2025-05-14 17:55:40.508 [info] > git config --get commit.template [6ms]
2025-05-14 17:55:40.513 [info] > git for-each-ref --format=%(refname)%00%(upstream:short)%00%(objectname)%00%(upstream:track)%00%(upstream:remotename)%00%(upstream:remoteref) refs/heads/part1 refs/remotes/part1 [1ms]
2025-05-14 17:55:40.523 [info] > git for-each-ref --sort -committerdate --format %(refname)%00%(objectname)%00%(*objectname) [1ms]
2025-05-14 17:55:40.535 [info] > git status -z -uall [18ms]
2025-05-14 17:55:45.620 [info] > git config --get commit.template [4ms]
2025-05-14 17:55:45.621 [info] > git for-each-ref --format=%(refname)%00%(upstream:short)%00%(objectname)%00%(upstream:track)%00%(upstream:remotename)%00%(upstream:remoteref) refs/heads/part1 refs/remotes/part1 [1ms]
2025-05-14 17:55:45.631 [info] > git for-each-ref --sort -committerdate --format %(refname)%00%(objectname)%00%(*objectname) [1ms]
2025-05-14 17:55:45.643 [info] > git status -z -uall [17ms]
2025-05-14 17:55:50.743 [info] > git config --get commit.template [13ms]
2025-05-14 17:55:50.754 [info] > git for-each-ref --format=%(refname)%00%(upstream:short)%00%(objectname)%00%(upstream:track)%00%(upstream:remotename)%00%(upstream:remoteref) refs/heads/part1 refs/remotes/part1 [2ms]
2025-05-14 17:55:50.769 [info] > git for-each-ref --sort -committerdate --format %(refname)%00%(objectname)%00%(*objectname) [1ms]
2025-05-14 17:55:50.782 [info] > git status -z -uall [21ms]
2025-05-14 17:55:55.897 [info] > git config --get commit.template [15ms]
2025-05-14 17:55:55.899 [info] > git for-each-ref --format=%(refname)%00%(upstream:short)%00%(objectname)%00%(upstream:track)%00%(upstream:remotename)%00%(upstream:remoteref) refs/heads/part1 refs/remotes/part1 [4ms]
2025-05-14 17:55:55.922 [info] > git for-each-ref --sort -committerdate --format %(refname)%00%(objectname)%00%(*objectname) [1ms]
2025-05-14 17:55:55.936 [info] > git status -z -uall [22ms]
2025-05-14 17:56:01.025 [info] > git config --get commit.template [6ms]
2025-05-14 17:56:01.026 [info] > git for-each-ref --format=%(refname)%00%(upstream:short)%00%(objectname)%00%(upstream:track)%00%(upstream:remotename)%00%(upstream:remoteref) refs/heads/part1 refs/remotes/part1 [2ms]
2025-05-14 17:56:01.041 [info] > git for-each-ref --sort -committerdate --format %(refname)%00%(objectname)%00%(*objectname) [2ms]
2025-05-14 17:56:01.055 [info] > git status -z -uall [23ms]
2025-05-14 17:56:06.953 [info] > git config --get commit.template [14ms]
2025-05-14 17:56:06.953 [info] > git for-each-ref --format=%(refname)%00%(upstream:short)%00%(objectname)%00%(upstream:track)%00%(upstream:remotename)%00%(upstream:remoteref) refs/heads/part1 refs/remotes/part1 [1ms]
2025-05-14 17:56:06.965 [info] > git for-each-ref --sort -committerdate --format %(refname)%00%(objectname)%00%(*objectname) [2ms]
2025-05-14 17:56:06.977 [info] > git status -z -uall [18ms]
2025-05-14 17:56:12.069 [info] > git config --get commit.template [9ms]
2025-05-14 17:56:12.070 [info] > git for-each-ref --format=%(refname)%00%(upstream:short)%00%(objectname)%00%(upstream:track)%00%(upstream:remotename)%00%(upstream:remoteref) refs/heads/part1 refs/remotes/part1 [2ms]
2025-05-14 17:56:12.083 [info] > git for-each-ref --sort -committerdate --format %(refname)%00%(objectname)%00%(*objectname) [1ms]
2025-05-14 17:56:12.101 [info] > git status -z -uall [25ms]
2025-05-14 17:56:17.203 [info] > git config --get commit.template [14ms]
2025-05-14 17:56:17.204 [info] > git for-each-ref --format=%(refname)%00%(upstream:short)%00%(objectname)%00%(upstream:track)%00%(upstream:remotename)%00%(upstream:remoteref) refs/heads/part1 refs/remotes/part1 [2ms]
2025-05-14 17:56:17.220 [info] > git for-each-ref --sort -committerdate --format %(refname)%00%(objectname)%00%(*objectname) [1ms]
2025-05-14 17:56:17.236 [info] > git status -z -uall [23ms]
2025-05-14 17:56:22.826 [info] > git config --get commit.template [1ms]
2025-05-14 17:56:22.833 [info] > git for-each-ref --format=%(refname)%00%(upstream:short)%00%(objectname)%00%(upstream:track)%00%(upstream:remotename)%00%(upstream:remoteref) refs/heads/part1 refs/remotes/part1 [1ms]
2025-05-14 17:56:22.847 [info] > git for-each-ref --sort -committerdate --format %(refname)%00%(objectname)%00%(*objectname) [2ms]
2025-05-14 17:56:22.865 [info] > git status -z -uall [25ms]
2025-05-14 17:56:27.966 [info] > git config --get commit.template [16ms]
2025-05-14 17:56:27.968 [info] > git for-each-ref --format=%(refname)%00%(upstream:short)%00%(objectname)%00%(upstream:track)%00%(upstream:remotename)%00%(upstream:remoteref) refs/heads/part1 refs/remotes/part1 [4ms]
2025-05-14 17:56:28.002 [info] > git for-each-ref --sort -committerdate --format %(refname)%00%(objectname)%00%(*objectname) [3ms]
2025-05-14 17:56:28.017 [info] > git status -z -uall [33ms]
2025-05-14 17:56:33.119 [info] > git config --get commit.template [16ms]
2025-05-14 17:56:33.121 [info] > git for-each-ref --format=%(refname)%00%(upstream:short)%00%(objectname)%00%(upstream:track)%00%(upstream:remotename)%00%(upstream:remoteref) refs/heads/part1 refs/remotes/part1 [4ms]
2025-05-14 17:56:33.156 [info] > git for-each-ref --sort -committerdate --format %(refname)%00%(objectname)%00%(*objectname) [4ms]
2025-05-14 17:56:33.172 [info] > git status -z -uall [35ms]
2025-05-14 17:56:39.047 [info] > git config --get commit.template [5ms]
2025-05-14 17:56:39.047 [info] > git for-each-ref --format=%(refname)%00%(upstream:short)%00%(objectname)%00%(upstream:track)%00%(upstream:remotename)%00%(upstream:remoteref) refs/heads/part1 refs/remotes/part1 [1ms]
2025-05-14 17:56:39.059 [info] > git for-each-ref --sort -committerdate --format %(refname)%00%(objectname)%00%(*objectname) [2ms]
2025-05-14 17:56:39.070 [info] > git status -z -uall [18ms]
2025-05-14 17:56:45.639 [info] > git config --get commit.template [2ms]
2025-05-14 17:56:45.646 [info] > git for-each-ref --format=%(refname)%00%(upstream:short)%00%(objectname)%00%(upstream:track)%00%(upstream:remotename)%00%(upstream:remoteref) refs/heads/part1 refs/remotes/part1 [1ms]
2025-05-14 17:56:45.659 [info] > git for-each-ref --sort -committerdate --format %(refname)%00%(objectname)%00%(*objectname) [2ms]
2025-05-14 17:56:45.673 [info] > git status -z -uall [21ms]
2025-05-14 17:56:50.770 [info] > git config --get commit.template [14ms]
2025-05-14 17:56:50.772 [info] > git for-each-ref --format=%(refname)%00%(upstream:short)%00%(objectname)%00%(upstream:track)%00%(upstream:remotename)%00%(upstream:remoteref) refs/heads/part1 refs/remotes/part1 [3ms]
2025-05-14 17:56:50.803 [info] > git for-each-ref --sort -committerdate --format %(refname)%00%(objectname)%00%(*objectname) [4ms]
2025-05-14 17:56:50.834 [info] > git status -z -uall [48ms]
2025-05-14 17:56:55.931 [info] > git config --get commit.template [9ms]
2025-05-14 17:56:55.932 [info] > git for-each-ref --format=%(refname)%00%(upstream:short)%00%(objectname)%00%(upstream:track)%00%(upstream:remotename)%00%(upstream:remoteref) refs/heads/part1 refs/remotes/part1 [2ms]
2025-05-14 17:56:55.945 [info] > git for-each-ref --sort -committerdate --format %(refname)%00%(objectname)%00%(*objectname) [2ms]
2025-05-14 17:56:55.957 [info] > git status -z -uall [19ms]
2025-05-14 17:57:01.037 [info] > git config --get commit.template [6ms]
2025-05-14 17:57:01.037 [info] > git for-each-ref --format=%(refname)%00%(upstream:short)%00%(objectname)%00%(upstream:track)%00%(upstream:remotename)%00%(upstream:remoteref) refs/heads/part1 refs/remotes/part1 [1ms]
2025-05-14 17:57:01.049 [info] > git for-each-ref --sort -committerdate --format %(refname)%00%(objectname)%00%(*objectname) [2ms]
2025-05-14 17:57:01.061 [info] > git status -z -uall [18ms]
2025-05-14 17:57:06.165 [info] > git config --get commit.template [15ms]
2025-05-14 17:57:06.167 [info] > git for-each-ref --format=%(refname)%00%(upstream:short)%00%(objectname)%00%(upstream:track)%00%(upstream:remotename)%00%(upstream:remoteref) refs/heads/part1 refs/remotes/part1 [3ms]
2025-05-14 17:57:06.193 [info] > git for-each-ref --sort -committerdate --format %(refname)%00%(objectname)%00%(*objectname) [3ms]
2025-05-14 17:57:06.207 [info] > git status -z -uall [28ms]
2025-05-14 17:57:12.117 [info] > git config --get commit.template [16ms]
2025-05-14 17:57:12.118 [info] > git for-each-ref --format=%(refname)%00%(upstream:short)%00%(objectname)%00%(upstream:track)%00%(upstream:remotename)%00%(upstream:remoteref) refs/heads/part1 refs/remotes/part1 [3ms]
2025-05-14 17:57:12.132 [info] > git for-each-ref --sort -committerdate --format %(refname)%00%(objectname)%00%(*objectname) [4ms]
2025-05-14 17:57:12.142 [info] > git status -z -uall [18ms]
2025-05-14 17:57:17.223 [info] > git config --get commit.template [6ms]
2025-05-14 17:57:17.224 [info] > git for-each-ref --format=%(refname)%00%(upstream:short)%00%(objectname)%00%(upstream:track)%00%(upstream:remotename)%00%(upstream:remoteref) refs/heads/part1 refs/remotes/part1 [1ms]
2025-05-14 17:57:17.239 [info] > git for-each-ref --sort -committerdate --format %(refname)%00%(objectname)%00%(*objectname) [4ms]
2025-05-14 17:57:17.250 [info] > git status -z -uall [19ms]
2025-05-14 17:57:22.354 [info] > git config --get commit.template [10ms]
2025-05-14 17:57:22.355 [info] > git for-each-ref --format=%(refname)%00%(upstream:short)%00%(objectname)%00%(upstream:track)%00%(upstream:remotename)%00%(upstream:remoteref) refs/heads/part1 refs/remotes/part1 [2ms]
2025-05-14 17:57:22.369 [info] > git for-each-ref --sort -committerdate --format %(refname)%00%(objectname)%00%(*objectname) [1ms]
2025-05-14 17:57:22.381 [info] > git status -z -uall [20ms]
2025-05-14 17:57:27.469 [info] > git config --get commit.template [6ms]
2025-05-14 17:57:27.470 [info] > git for-each-ref --format=%(refname)%00%(upstream:short)%00%(objectname)%00%(upstream:track)%00%(upstream:remotename)%00%(upstream:remoteref) refs/heads/part1 refs/remotes/part1 [1ms]
2025-05-14 17:57:27.483 [info] > git for-each-ref --sort -committerdate --format %(refname)%00%(objectname)%00%(*objectname) [2ms]
2025-05-14 17:57:27.495 [info] > git status -z -uall [19ms]
2025-05-14 17:57:32.577 [info] > git config --get commit.template [6ms]
2025-05-14 17:57:32.578 [info] > git for-each-ref --format=%(refname)%00%(upstream:short)%00%(objectname)%00%(upstream:track)%00%(upstream:remotename)%00%(upstream:remoteref) refs/heads/part1 refs/remotes/part1 [1ms]
2025-05-14 17:57:32.590 [info] > git for-each-ref --sort -committerdate --format %(refname)%00%(objectname)%00%(*objectname) [2ms]
2025-05-14 17:57:32.602 [info] > git status -z -uall [19ms]
2025-05-14 17:57:37.683 [info] > git config --get commit.template [5ms]
2025-05-14 17:57:37.684 [info] > git for-each-ref --format=%(refname)%00%(upstream:short)%00%(objectname)%00%(upstream:track)%00%(upstream:remotename)%00%(upstream:remoteref) refs/heads/part1 refs/remotes/part1 [1ms]
2025-05-14 17:57:37.694 [info] > git for-each-ref --sort -committerdate --format %(refname)%00%(objectname)%00%(*objectname) [1ms]
2025-05-14 17:57:37.707 [info] > git status -z -uall [17ms]
2025-05-14 17:57:42.795 [info] > git config --get commit.template [6ms]
2025-05-14 17:57:42.796 [info] > git for-each-ref --format=%(refname)%00%(upstream:short)%00%(objectname)%00%(upstream:track)%00%(upstream:remotename)%00%(upstream:remoteref) refs/heads/part1 refs/remotes/part1 [2ms]
2025-05-14 17:57:42.813 [info] > git for-each-ref --sort -committerdate --format %(refname)%00%(objectname)%00%(*objectname) [6ms]
2025-05-14 17:57:42.821 [info] > git status -z -uall [20ms]
2025-05-14 17:57:48.711 [info] > git config --get commit.template [5ms]
2025-05-14 17:57:48.712 [info] > git for-each-ref --format=%(refname)%00%(upstream:short)%00%(objectname)%00%(upstream:track)%00%(upstream:remotename)%00%(upstream:remoteref) refs/heads/part1 refs/remotes/part1 [2ms]
2025-05-14 17:57:48.728 [info] > git for-each-ref --sort -committerdate --format %(refname)%00%(objectname)%00%(*objectname) [7ms]
2025-05-14 17:57:48.739 [info] > git status -z -uall [22ms]
2025-05-14 17:57:53.895 [info] > git config --get commit.template [7ms]
2025-05-14 17:57:53.895 [info] > git for-each-ref --format=%(refname)%00%(upstream:short)%00%(objectname)%00%(upstream:track)%00%(upstream:remotename)%00%(upstream:remoteref) refs/heads/part1 refs/remotes/part1 [1ms]
2025-05-14 17:57:53.908 [info] > git for-each-ref --sort -committerdate --format %(refname)%00%(objectname)%00%(*objectname) [1ms]
2025-05-14 17:57:53.920 [info] > git status -z -uall [17ms]
2025-05-14 17:57:58.994 [info] > git config --get commit.template [6ms]
2025-05-14 17:57:58.994 [info] > git for-each-ref --format=%(refname)%00%(upstream:short)%00%(objectname)%00%(upstream:track)%00%(upstream:remotename)%00%(upstream:remoteref) refs/heads/part1 refs/remotes/part1 [1ms]
2025-05-14 17:57:59.006 [info] > git for-each-ref --sort -committerdate --format %(refname)%00%(objectname)%00%(*objectname) [2ms]
2025-05-14 17:57:59.017 [info] > git status -z -uall [18ms]
2025-05-14 17:58:04.088 [info] > git config --get commit.template [5ms]
2025-05-14 17:58:04.089 [info] > git for-each-ref --format=%(refname)%00%(upstream:short)%00%(objectname)%00%(upstream:track)%00%(upstream:remotename)%00%(upstream:remoteref) refs/heads/part1 refs/remotes/part1 [1ms]
2025-05-14 17:58:04.100 [info] > git for-each-ref --sort -committerdate --format %(refname)%00%(objectname)%00%(*objectname) [1ms]
2025-05-14 17:58:04.112 [info] > git status -z -uall [17ms]
2025-05-14 17:58:09.219 [info] > git config --get commit.template [18ms]
2025-05-14 17:58:09.221 [info] > git for-each-ref --format=%(refname)%00%(upstream:short)%00%(objectname)%00%(upstream:track)%00%(upstream:remotename)%00%(upstream:remoteref) refs/heads/part1 refs/remotes/part1 [4ms]
2025-05-14 17:58:09.233 [info] > git for-each-ref --sort -committerdate --format %(refname)%00%(objectname)%00%(*objectname) [1ms]
2025-05-14 17:58:09.244 [info] > git status -z -uall [18ms]
2025-05-14 17:58:14.347 [info] > git config --get commit.template [17ms]
2025-05-14 17:58:14.350 [info] > git for-each-ref --format=%(refname)%00%(upstream:short)%00%(objectname)%00%(upstream:track)%00%(upstream:remotename)%00%(upstream:remoteref) refs/heads/part1 refs/remotes/part1 [4ms]
2025-05-14 17:58:14.384 [info] > git for-each-ref --sort -committerdate --format %(refname)%00%(objectname)%00%(*objectname) [4ms]
2025-05-14 17:58:14.404 [info] > git status -z -uall [39ms]
2025-05-14 17:58:23.763 [info] > git config --get commit.template [6ms]
2025-05-14 17:58:23.764 [info] > git for-each-ref --format=%(refname)%00%(upstream:short)%00%(objectname)%00%(upstream:track)%00%(upstream:remotename)%00%(upstream:remoteref) refs/heads/part1 refs/remotes/part1 [2ms]
2025-05-14 17:58:23.778 [info] > git for-each-ref --sort -committerdate --format %(refname)%00%(objectname)%00%(*objectname) [1ms]
2025-05-14 17:58:23.788 [info] > git status -z -uall [19ms]
2025-05-14 17:58:28.900 [info] > git config --get commit.template [17ms]
2025-05-14 17:58:28.903 [info] > git for-each-ref --format=%(refname)%00%(upstream:short)%00%(objectname)%00%(upstream:track)%00%(upstream:remotename)%00%(upstream:remoteref) refs/heads/part1 refs/remotes/part1 [4ms]
2025-05-14 17:58:28.928 [info] > git for-each-ref --sort -committerdate --format %(refname)%00%(objectname)%00%(*objectname) [2ms]
2025-05-14 17:58:28.940 [info] > git status -z -uall [20ms]
2025-05-14 17:58:34.020 [info] > git config --get commit.template [4ms]
2025-05-14 17:58:34.021 [info] > git for-each-ref --format=%(refname)%00%(upstream:short)%00%(objectname)%00%(upstream:track)%00%(upstream:remotename)%00%(upstream:remoteref) refs/heads/part1 refs/remotes/part1 [1ms]
2025-05-14 17:58:34.031 [info] > git for-each-ref --sort -committerdate --format %(refname)%00%(objectname)%00%(*objectname) [1ms]
2025-05-14 17:58:34.042 [info] > git status -z -uall [16ms]
2025-05-14 17:58:39.141 [info] > git config --get commit.template [16ms]
2025-05-14 17:58:39.143 [info] > git for-each-ref --format=%(refname)%00%(upstream:short)%00%(objectname)%00%(upstream:track)%00%(upstream:remotename)%00%(upstream:remoteref) refs/heads/part1 refs/remotes/part1 [4ms]
2025-05-14 17:58:39.166 [info] > git for-each-ref --sort -committerdate --format %(refname)%00%(objectname)%00%(*objectname) [1ms]
2025-05-14 17:58:39.181 [info] > git status -z -uall [22ms]
2025-05-14 17:58:44.281 [info] > git config --get commit.template [16ms]
2025-05-14 17:58:44.283 [info] > git for-each-ref --format=%(refname)%00%(upstream:short)%00%(objectname)%00%(upstream:track)%00%(upstream:remotename)%00%(upstream:remoteref) refs/heads/part1 refs/remotes/part1 [4ms]
2025-05-14 17:58:44.315 [info] > git for-each-ref --sort -committerdate --format %(refname)%00%(objectname)%00%(*objectname) [4ms]
2025-05-14 17:58:44.336 [info] > git status -z -uall [37ms]
2025-05-14 17:59:51.256 [info] > git config --get commit.template [1ms]
2025-05-14 17:59:51.266 [info] > git for-each-ref --format=%(refname)%00%(upstream:short)%00%(objectname)%00%(upstream:track)%00%(upstream:remotename)%00%(upstream:remoteref) refs/heads/part1 refs/remotes/part1 [2ms]
2025-05-14 17:59:51.280 [info] > git for-each-ref --sort -committerdate --format %(refname)%00%(objectname)%00%(*objectname) [1ms]
2025-05-14 17:59:51.300 [info] > git status -z -uall [27ms]
2025-05-14 17:59:57.241 [info] > git config --get commit.template [16ms]
2025-05-14 17:59:57.242 [info] > git for-each-ref --format=%(refname)%00%(upstream:short)%00%(objectname)%00%(upstream:track)%00%(upstream:remotename)%00%(upstream:remoteref) refs/heads/part1 refs/remotes/part1 [3ms]
2025-05-14 17:59:57.272 [info] > git for-each-ref --sort -committerdate --format %(refname)%00%(objectname)%00%(*objectname) [3ms]
2025-05-14 17:59:57.293 [info] > git status -z -uall [36ms]
2025-05-14 18:00:02.384 [info] > git config --get commit.template [5ms]
2025-05-14 18:00:02.385 [info] > git for-each-ref --format=%(refname)%00%(upstream:short)%00%(objectname)%00%(upstream:track)%00%(upstream:remotename)%00%(upstream:remoteref) refs/heads/part1 refs/remotes/part1 [1ms]
2025-05-14 18:00:02.396 [info] > git for-each-ref --sort -committerdate --format %(refname)%00%(objectname)%00%(*objectname) [1ms]
2025-05-14 18:00:02.407 [info] > git status -z -uall [17ms]
2025-05-14 18:00:07.490 [info] > git for-each-ref --format=%(refname)%00%(upstream:short)%00%(objectname)%00%(upstream:track)%00%(upstream:remotename)%00%(upstream:remoteref) refs/heads/part1 refs/remotes/part1 [5ms]
2025-05-14 18:00:07.490 [info] > git config --get commit.template [10ms]
2025-05-14 18:00:07.501 [info] > git for-each-ref --sort -committerdate --format %(refname)%00%(objectname)%00%(*objectname) [2ms]
2025-05-14 18:00:07.511 [info] > git status -z -uall [16ms]
